<!DOCTYPE html PUBLIC "-//W3C//DTD XHTML 1.1//EN" "http://www.w3.org/TR/xhtml11/DTD/xhtml11.dtd">
<html xmlns="http://www.w3.org/1999/xhtml"><head><title>TestNG Report</title><style type="text/css">table {margin-bottom:10px;border-collapse:collapse;empty-cells:show}th,td {border:1px solid #009;padding:.25em .5em}th {vertical-align:bottom}td {vertical-align:top}table a {font-weight:bold}.stripe td {background-color: #E6EBF9}.num {text-align:right}.passedodd td {background-color: #3F3}.passedeven td {background-color: #0A0}.skippedodd td {background-color: #DDD}.skippedeven td {background-color: #CCC}.failedodd td,.attn {background-color: #F33}.failedeven td,.stripe .attn {background-color: #D00}.stacktrace {white-space:pre;font-family:monospace}.totop {font-size:85%;text-align:center;border-bottom:2px solid #000}</style></head><body><table><tr><th>Test</th><th># Passed</th><th># Skipped</th><th># Failed</th><th>Time (ms)</th><th>Included Groups</th><th>Excluded Groups</th></tr><tr><th colspan="7">Suite</th></tr><tr><td><a href="#t0">Login</a></td><td class="num">0</td><td class="num attn">3</td><td class="num attn">1</td><td class="num">39,981</td><td></td><td></td></tr><tr class="stripe"><td><a href="#t1">Register</a></td><td class="num">1</td><td class="num">0</td><td class="num">0</td><td class="num">14,849</td><td></td><td></td></tr><tr><td><a href="#t2">Order</a></td><td class="num">0</td><td class="num attn">3</td><td class="num attn">1</td><td class="num">72,830</td><td></td><td></td></tr><tr class="stripe"><td><a href="#t3">CancelOrder</a></td><td class="num">1</td><td class="num">0</td><td class="num">0</td><td class="num">36,841</td><td></td><td></td></tr><tr><td><a href="#t4">PrintShop</a></td><td class="num">1</td><td class="num">0</td><td class="num">0</td><td class="num">22,389</td><td></td><td></td></tr><tr class="stripe"><td><a href="#t5">ModifyData</a></td><td class="num">1</td><td class="num">0</td><td class="num">0</td><td class="num">47,327</td><td></td><td></td></tr><tr><td><a href="#t6">DupRegister</a></td><td class="num">1</td><td class="num">0</td><td class="num">0</td><td class="num">12,793</td><td></td><td></td></tr><tr class="stripe"><td><a href="#t7">ErrPRegister</a></td><td class="num">1</td><td class="num">0</td><td class="num">0</td><td class="num">12,974</td><td></td><td></td></tr><tr><td><a href="#t8">ErrMRegister</a></td><td class="num">1</td><td class="num">0</td><td class="num">0</td><td class="num">13,039</td><td></td><td></td></tr><tr class="stripe"><td><a href="#t9">LoginFail</a></td><td class="num">1</td><td class="num">0</td><td class="num">0</td><td class="num">18,337</td><td></td><td></td></tr><tr><td><a href="#t10">ResetPwd</a></td><td class="num">0</td><td class="num attn">3</td><td class="num attn">1</td><td class="num">19,381</td><td></td><td></td></tr><tr class="stripe"><td><a href="#t11">ModifyPwd</a></td><td class="num">1</td><td class="num">0</td><td class="num">0</td><td class="num">28,865</td><td></td><td></td></tr><tr><td><a href="#t12">Pay</a></td><td class="num">1</td><td class="num">0</td><td class="num">0</td><td class="num">44,769</td><td></td><td></td></tr><tr class="stripe"><td><a href="#t13">CancelPay</a></td><td class="num">1</td><td class="num">0</td><td class="num">0</td><td class="num">35,133</td><td></td><td></td></tr><tr><th>Total</th><th class="num">11</th><th class="num attn">9</th><th class="num attn">3</th><th class="num">419,508</th><th colspan="2"></th></tr></table><table><thead><tr><th>Class</th><th>Method</th><th>Start</th><th>Time (ms)</th></tr></thead><tbody><tr><th colspan="4">Suite</th></tr></tbody><tbody id="t0"><tr><th colspan="4">Login &#8212; failed</th></tr><tr class="failedeven"><td rowspan="1">testcases.Login</td><td><a href="#m0">testlogin</a></td><td rowspan="1">1461745989712</td><td rowspan="1">6709</td></tr><tr><th colspan="4">Login &#8212; skipped</th></tr><tr class="skippedeven"><td rowspan="3">testcases.Login</td><td><a href="#m1">testlogin</a></td><td rowspan="3">1461745976203</td><td rowspan="3">6643</td></tr><tr class="skippedeven"><td><a href="#m2">testlogin</a></td></tr><tr class="skippedeven"><td><a href="#m3">testlogin</a></td></tr></tbody><tbody id="t1"><tr><th colspan="4">Register &#8212; passed</th></tr><tr class="passedeven"><td rowspan="1">testcases.Register</td><td><a href="#m4">testreg</a></td><td rowspan="1">1461746008422</td><td rowspan="1">2345</td></tr></tbody><tbody id="t2"><tr><th colspan="4">Order &#8212; failed</th></tr><tr class="failedeven"><td rowspan="1">testcases.Order</td><td><a href="#m5">testorder</a></td><td rowspan="1">1461746084152</td><td rowspan="1">14</td></tr><tr><th colspan="4">Order &#8212; skipped</th></tr><tr class="skippedeven"><td rowspan="3">testcases.Order</td><td><a href="#m6">testorder</a></td><td rowspan="3">1461746084096</td><td rowspan="3">34</td></tr><tr class="skippedeven"><td><a href="#m7">testorder</a></td></tr><tr class="skippedeven"><td><a href="#m8">testorder</a></td></tr></tbody><tbody id="t3"><tr><th colspan="4">CancelOrder &#8212; passed</th></tr><tr class="passedeven"><td rowspan="1">testcases.CancelOrder</td><td><a href="#m9">testcancelorder</a></td><td rowspan="1">1461746095237</td><td rowspan="1">24206</td></tr></tbody><tbody id="t4"><tr><th colspan="4">PrintShop &#8212; passed</th></tr><tr class="passedeven"><td rowspan="1">testcases.PrintShop</td><td><a href="#m10">testprint</a></td><td rowspan="1">1461746132485</td><td rowspan="1">11046</td></tr></tbody><tbody id="t5"><tr><th colspan="4">ModifyData &#8212; passed</th></tr><tr class="passedeven"><td rowspan="1">testcases.ModifyData</td><td><a href="#m11">testmodifydata</a></td><td rowspan="1">1461746154898</td><td rowspan="1">35347</td></tr></tbody><tbody id="t6"><tr><th colspan="4">DupRegister &#8212; passed</th></tr><tr class="passedeven"><td rowspan="1">testcases.DupRegister</td><td><a href="#m12">testdupreg</a></td><td rowspan="1">1461746202102</td><td rowspan="1">1541</td></tr></tbody><tbody id="t7"><tr><th colspan="4">ErrPRegister &#8212; passed</th></tr><tr class="passedeven"><td rowspan="1">testcases.ErrPRegister</td><td><a href="#m13">testerrpreg</a></td><td rowspan="1">1461746214636</td><td rowspan="1">1738</td></tr></tbody><tbody id="t8"><tr><th colspan="4">ErrMRegister &#8212; passed</th></tr><tr class="passedeven"><td rowspan="1">testcases.ErrMRegister</td><td><a href="#m14">testerrmreg</a></td><td rowspan="1">1461746227184</td><td rowspan="1">2315</td></tr></tbody><tbody id="t9"><tr><th colspan="4">LoginFail &#8212; passed</th></tr><tr class="passedeven"><td rowspan="1">testcases.LoginFail</td><td><a href="#m15">testloginfail</a></td><td rowspan="1">1461746241270</td><td rowspan="1">7224</td></tr></tbody><tbody id="t10"><tr><th colspan="4">ResetPwd &#8212; failed</th></tr><tr class="failedeven"><td rowspan="1">testcases.ResetPwd</td><td><a href="#m16">testresetpwd</a></td><td rowspan="1">1461746267043</td><td rowspan="1">18</td></tr><tr><th colspan="4">ResetPwd &#8212; skipped</th></tr><tr class="skippedeven"><td rowspan="3">testcases.ResetPwd</td><td><a href="#m17">testresetpwd</a></td><td rowspan="3">1461746267012</td><td rowspan="3">15</td></tr><tr class="skippedeven"><td><a href="#m18">testresetpwd</a></td></tr><tr class="skippedeven"><td><a href="#m19">testresetpwd</a></td></tr></tbody><tbody id="t11"><tr><th colspan="4">ModifyPwd &#8212; passed</th></tr><tr class="passedeven"><td rowspan="1">testcases.ModifyPwd</td><td><a href="#m20">testmodifypwd</a></td><td rowspan="1">1461746278585</td><td rowspan="1">17090</td></tr></tbody><tbody id="t12"><tr><th colspan="4">Pay &#8212; passed</th></tr><tr class="passedeven"><td rowspan="1">testcases.Pay</td><td><a href="#m21">testpay</a></td><td rowspan="1">1461746307376</td><td rowspan="1">33090</td></tr></tbody><tbody id="t13"><tr><th colspan="4">CancelPay &#8212; passed</th></tr><tr class="passedeven"><td rowspan="1">testcases.CancelPay</td><td><a href="#m22">testcancelpay</a></td><td rowspan="1">1461746352074</td><td rowspan="1">22513</td></tr></tbody></table><h2>Login</h2><h3 id="m0">testcases.Login#testlogin</h3><table class="result"><tr class="param"><th>Parameter #1</th></tr><tr class="param stripe"><td>[#document: null]</td></tr><tr><th>Exception</th></tr><tr><td><div class="stacktrace">org.junit.ComparisonFailure: expected:&lt;[aa]&gt; but was:&lt;[login]&gt;
	at org.junit.Assert.assertEquals(Assert.java:115)
	at org.junit.Assert.assertEquals(Assert.java:144)
	at commonfunction.CommonFunctions.checkequal(CommonFunctions.java:192)
	at testcases.Login.testlogin(Login.java:36)
... Removed 24 stack frames</div></td></tr></table><p class="totop"><a href="#summary">back to summary</a></p><h3 id="m1">testcases.Login#testlogin</h3><table class="result"><tr class="param"><th>Parameter #1</th></tr><tr class="param stripe"><td>[#document: null]</td></tr><tr><th>Messages</th></tr><tr><td><div class="messages">RunCount=3</div></td></tr><tr><th>Exception</th></tr><tr><td><div class="stacktrace">org.junit.ComparisonFailure: expected:&lt;[aa]&gt; but was:&lt;[login]&gt;
	at org.junit.Assert.assertEquals(Assert.java:115)
	at org.junit.Assert.assertEquals(Assert.java:144)
	at commonfunction.CommonFunctions.checkequal(CommonFunctions.java:192)
	at testcases.Login.testlogin(Login.java:36)
... Removed 24 stack frames</div></td></tr></table><p class="totop"><a href="#summary">back to summary</a></p><h3 id="m2">testcases.Login#testlogin</h3><table class="result"><tr class="param"><th>Parameter #1</th></tr><tr class="param stripe"><td>[#document: null]</td></tr><tr><th>Messages</th></tr><tr><td><div class="messages">RunCount=2</div></td></tr><tr><th>Exception</th></tr><tr><td><div class="stacktrace">org.junit.ComparisonFailure: expected:&lt;[aa]&gt; but was:&lt;[login]&gt;
	at org.junit.Assert.assertEquals(Assert.java:115)
	at org.junit.Assert.assertEquals(Assert.java:144)
	at commonfunction.CommonFunctions.checkequal(CommonFunctions.java:192)
	at testcases.Login.testlogin(Login.java:36)
... Removed 24 stack frames</div></td></tr></table><p class="totop"><a href="#summary">back to summary</a></p><h3 id="m3">testcases.Login#testlogin</h3><table class="result"><tr class="param"><th>Parameter #1</th></tr><tr class="param stripe"><td>[#document: null]</td></tr><tr><th>Messages</th></tr><tr><td><div class="messages">RunCount=4</div></td></tr><tr><th>Exception</th></tr><tr><td><div class="stacktrace">org.junit.ComparisonFailure: expected:&lt;[aa]&gt; but was:&lt;[login]&gt;
	at org.junit.Assert.assertEquals(Assert.java:115)
	at org.junit.Assert.assertEquals(Assert.java:144)
	at commonfunction.CommonFunctions.checkequal(CommonFunctions.java:192)
	at testcases.Login.testlogin(Login.java:36)
... Removed 24 stack frames</div></td></tr></table><p class="totop"><a href="#summary">back to summary</a></p><h2>Register</h2><h3 id="m4">testcases.Register#testreg</h3><table class="result"><tr class="param"><th>Parameter #1</th></tr><tr class="param stripe"><td>[#document: null]</td></tr></table><p class="totop"><a href="#summary">back to summary</a></p><h2>Order</h2><h3 id="m5">testcases.Order#testorder</h3><table class="result"><tr class="param"><th>Parameter #1</th></tr><tr class="param stripe"><td>[#document: null]</td></tr><tr><th>Exception</th></tr><tr><td><div class="stacktrace">org.openqa.selenium.NoSuchElementException: Unable to locate element: {&quot;method&quot;:&quot;xpath&quot;,&quot;selector&quot;:&quot;.//*[@id=&apos;app&apos;]/div/div[2]/div[1]/div[1]/div[1]/form/div[1]/div/a&quot;}
Command duration or timeout: 14 milliseconds
For documentation on this error, please visit: http://seleniumhq.org/exceptions/no_such_element.html
Build info: version: &apos;2.52.0&apos;, revision: &apos;4c2593c&apos;, time: &apos;2016-02-11 19:03:33&apos;
System info: host: &apos;USER-20160327TR&apos;, ip: &apos;192.168.163.1&apos;, os.name: &apos;Windows 7&apos;, os.arch: &apos;amd64&apos;, os.version: &apos;6.1&apos;, java.version: &apos;1.7.0_79&apos;
*** Element info: {Using=xpath, value=.//*[@id=&apos;app&apos;]/div/div[2]/div[1]/div[1]/div[1]/form/div[1]/div/a}
Session ID: e1048109-cba5-4005-9e76-72b81ef0e6cc
Driver info: org.openqa.selenium.firefox.FirefoxDriver
Capabilities [{platform=WINDOWS, acceptSslCerts=true, javascriptEnabled=true, cssSelectorsEnabled=true, databaseEnabled=true, browserName=firefox, handlesAlerts=true, nativeEvents=false, webStorageEnabled=true, rotatable=false, locationContextEnabled=true, applicationCacheEnabled=true, takesScreenshot=true, version=45.0.2}]
	at org.openqa.selenium.remote.ErrorHandler.createThrowable(ErrorHandler.java:206)
	at org.openqa.selenium.remote.ErrorHandler.throwIfResponseFailed(ErrorHandler.java:158)
	at org.openqa.selenium.remote.RemoteWebDriver.execute(RemoteWebDriver.java:678)
	at org.openqa.selenium.remote.RemoteWebDriver.findElement(RemoteWebDriver.java:363)
	at org.openqa.selenium.remote.RemoteWebDriver.findElementByXPath(RemoteWebDriver.java:500)
	at org.openqa.selenium.By$ByXPath.findElement(By.java:361)
	at org.openqa.selenium.remote.RemoteWebDriver.findElement(RemoteWebDriver.java:355)
	at commonfunction.CommonFunctions.clickitem(CommonFunctions.java:108)
	at commonfunction.CommonFunctions.login(CommonFunctions.java:221)
	at testcases.Order.testorder(Order.java:37)
Caused by: org.openqa.selenium.NoSuchElementException: Unable to locate element: {&quot;method&quot;:&quot;xpath&quot;,&quot;selector&quot;:&quot;.//*[@id=&apos;app&apos;]/div/div[2]/div[1]/div[1]/div[1]/form/div[1]/div/a&quot;}
For documentation on this error, please visit: http://seleniumhq.org/exceptions/no_such_element.html
Build info: version: &apos;2.52.0&apos;, revision: &apos;4c2593c&apos;, time: &apos;2016-02-11 19:03:33&apos;
System info: host: &apos;USER-20160327TR&apos;, ip: &apos;192.168.163.1&apos;, os.name: &apos;Windows 7&apos;, os.arch: &apos;amd64&apos;, os.version: &apos;6.1&apos;, java.version: &apos;1.7.0_79&apos;
Driver info: driver.version: unknown
	at &lt;anonymous class&gt;.FirefoxDriver.prototype.findElementInternal_(file:///C:/Users/ADMINI~1/AppData/Local/Temp/anonymous8552129282653075866webdriver-profile/extensions/fxdriver@googlecode.com/components/driver-component.js:10723)
	at &lt;anonymous class&gt;.FirefoxDriver.prototype.findElement(file:///C:/Users/ADMINI~1/AppData/Local/Temp/anonymous8552129282653075866webdriver-profile/extensions/fxdriver@googlecode.com/components/driver-component.js:10732)
	at &lt;anonymous class&gt;.DelayedCommand.prototype.executeInternal_/h(file:///C:/Users/ADMINI~1/AppData/Local/Temp/anonymous8552129282653075866webdriver-profile/extensions/fxdriver@googlecode.com/components/command-processor.js:12614)
	at &lt;anonymous class&gt;.DelayedCommand.prototype.executeInternal_(file:///C:/Users/ADMINI~1/AppData/Local/Temp/anonymous8552129282653075866webdriver-profile/extensions/fxdriver@googlecode.com/components/command-processor.js:12619)
	at &lt;anonymous class&gt;.DelayedCommand.prototype.execute/&lt;(file:///C:/Users/ADMINI~1/AppData/Local/Temp/anonymous8552129282653075866webdriver-profile/extensions/fxdriver@googlecode.com/components/command-processor.js:12561)
... Removed 28 stack frames</div></td></tr></table><p class="totop"><a href="#summary">back to summary</a></p><h3 id="m6">testcases.Order#testorder</h3><table class="result"><tr class="param"><th>Parameter #1</th></tr><tr class="param stripe"><td>[#document: null]</td></tr><tr><th>Messages</th></tr><tr><td><div class="messages">RunCount=3</div></td></tr><tr><th>Exception</th></tr><tr><td><div class="stacktrace">org.openqa.selenium.NoSuchElementException: Unable to locate element: {&quot;method&quot;:&quot;xpath&quot;,&quot;selector&quot;:&quot;.//*[@id=&apos;app&apos;]/div/div[2]/div[1]/div[1]/div[1]/form/div[1]/div/a&quot;}
Command duration or timeout: 29 milliseconds
For documentation on this error, please visit: http://seleniumhq.org/exceptions/no_such_element.html
Build info: version: &apos;2.52.0&apos;, revision: &apos;4c2593c&apos;, time: &apos;2016-02-11 19:03:33&apos;
System info: host: &apos;USER-20160327TR&apos;, ip: &apos;192.168.163.1&apos;, os.name: &apos;Windows 7&apos;, os.arch: &apos;amd64&apos;, os.version: &apos;6.1&apos;, java.version: &apos;1.7.0_79&apos;
*** Element info: {Using=xpath, value=.//*[@id=&apos;app&apos;]/div/div[2]/div[1]/div[1]/div[1]/form/div[1]/div/a}
Session ID: e1048109-cba5-4005-9e76-72b81ef0e6cc
Driver info: org.openqa.selenium.firefox.FirefoxDriver
Capabilities [{platform=WINDOWS, acceptSslCerts=true, javascriptEnabled=true, cssSelectorsEnabled=true, databaseEnabled=true, browserName=firefox, handlesAlerts=true, nativeEvents=false, webStorageEnabled=true, rotatable=false, locationContextEnabled=true, applicationCacheEnabled=true, takesScreenshot=true, version=45.0.2}]
	at org.openqa.selenium.remote.ErrorHandler.createThrowable(ErrorHandler.java:206)
	at org.openqa.selenium.remote.ErrorHandler.throwIfResponseFailed(ErrorHandler.java:158)
	at org.openqa.selenium.remote.RemoteWebDriver.execute(RemoteWebDriver.java:678)
	at org.openqa.selenium.remote.RemoteWebDriver.findElement(RemoteWebDriver.java:363)
	at org.openqa.selenium.remote.RemoteWebDriver.findElementByXPath(RemoteWebDriver.java:500)
	at org.openqa.selenium.By$ByXPath.findElement(By.java:361)
	at org.openqa.selenium.remote.RemoteWebDriver.findElement(RemoteWebDriver.java:355)
	at commonfunction.CommonFunctions.clickitem(CommonFunctions.java:108)
	at commonfunction.CommonFunctions.login(CommonFunctions.java:221)
	at testcases.Order.testorder(Order.java:37)
Caused by: org.openqa.selenium.NoSuchElementException: Unable to locate element: {&quot;method&quot;:&quot;xpath&quot;,&quot;selector&quot;:&quot;.//*[@id=&apos;app&apos;]/div/div[2]/div[1]/div[1]/div[1]/form/div[1]/div/a&quot;}
For documentation on this error, please visit: http://seleniumhq.org/exceptions/no_such_element.html
Build info: version: &apos;2.52.0&apos;, revision: &apos;4c2593c&apos;, time: &apos;2016-02-11 19:03:33&apos;
System info: host: &apos;USER-20160327TR&apos;, ip: &apos;192.168.163.1&apos;, os.name: &apos;Windows 7&apos;, os.arch: &apos;amd64&apos;, os.version: &apos;6.1&apos;, java.version: &apos;1.7.0_79&apos;
Driver info: driver.version: unknown
	at &lt;anonymous class&gt;.FirefoxDriver.prototype.findElementInternal_(file:///C:/Users/ADMINI~1/AppData/Local/Temp/anonymous8552129282653075866webdriver-profile/extensions/fxdriver@googlecode.com/components/driver-component.js:10723)
	at &lt;anonymous class&gt;.FirefoxDriver.prototype.findElement(file:///C:/Users/ADMINI~1/AppData/Local/Temp/anonymous8552129282653075866webdriver-profile/extensions/fxdriver@googlecode.com/components/driver-component.js:10732)
	at &lt;anonymous class&gt;.DelayedCommand.prototype.executeInternal_/h(file:///C:/Users/ADMINI~1/AppData/Local/Temp/anonymous8552129282653075866webdriver-profile/extensions/fxdriver@googlecode.com/components/command-processor.js:12614)
	at &lt;anonymous class&gt;.DelayedCommand.prototype.executeInternal_(file:///C:/Users/ADMINI~1/AppData/Local/Temp/anonymous8552129282653075866webdriver-profile/extensions/fxdriver@googlecode.com/components/command-processor.js:12619)
	at &lt;anonymous class&gt;.DelayedCommand.prototype.execute/&lt;(file:///C:/Users/ADMINI~1/AppData/Local/Temp/anonymous8552129282653075866webdriver-profile/extensions/fxdriver@googlecode.com/components/command-processor.js:12561)
... Removed 28 stack frames</div></td></tr></table><p class="totop"><a href="#summary">back to summary</a></p><h3 id="m7">testcases.Order#testorder</h3><table class="result"><tr class="param"><th>Parameter #1</th></tr><tr class="param stripe"><td>[#document: null]</td></tr><tr><th>Messages</th></tr><tr><td><div class="messages">RunCount=4</div></td></tr><tr><th>Exception</th></tr><tr><td><div class="stacktrace">org.openqa.selenium.NoSuchElementException: Unable to locate element: {&quot;method&quot;:&quot;xpath&quot;,&quot;selector&quot;:&quot;.//*[@id=&apos;app&apos;]/div/div[2]/div[1]/div[1]/div[1]/form/div[1]/div/a&quot;}
Command duration or timeout: 13 milliseconds
For documentation on this error, please visit: http://seleniumhq.org/exceptions/no_such_element.html
Build info: version: &apos;2.52.0&apos;, revision: &apos;4c2593c&apos;, time: &apos;2016-02-11 19:03:33&apos;
System info: host: &apos;USER-20160327TR&apos;, ip: &apos;192.168.163.1&apos;, os.name: &apos;Windows 7&apos;, os.arch: &apos;amd64&apos;, os.version: &apos;6.1&apos;, java.version: &apos;1.7.0_79&apos;
*** Element info: {Using=xpath, value=.//*[@id=&apos;app&apos;]/div/div[2]/div[1]/div[1]/div[1]/form/div[1]/div/a}
Session ID: e1048109-cba5-4005-9e76-72b81ef0e6cc
Driver info: org.openqa.selenium.firefox.FirefoxDriver
Capabilities [{platform=WINDOWS, acceptSslCerts=true, javascriptEnabled=true, cssSelectorsEnabled=true, databaseEnabled=true, browserName=firefox, handlesAlerts=true, nativeEvents=false, webStorageEnabled=true, rotatable=false, locationContextEnabled=true, applicationCacheEnabled=true, takesScreenshot=true, version=45.0.2}]
	at org.openqa.selenium.remote.ErrorHandler.createThrowable(ErrorHandler.java:206)
	at org.openqa.selenium.remote.ErrorHandler.throwIfResponseFailed(ErrorHandler.java:158)
	at org.openqa.selenium.remote.RemoteWebDriver.execute(RemoteWebDriver.java:678)
	at org.openqa.selenium.remote.RemoteWebDriver.findElement(RemoteWebDriver.java:363)
	at org.openqa.selenium.remote.RemoteWebDriver.findElementByXPath(RemoteWebDriver.java:500)
	at org.openqa.selenium.By$ByXPath.findElement(By.java:361)
	at org.openqa.selenium.remote.RemoteWebDriver.findElement(RemoteWebDriver.java:355)
	at commonfunction.CommonFunctions.clickitem(CommonFunctions.java:108)
	at commonfunction.CommonFunctions.login(CommonFunctions.java:221)
	at testcases.Order.testorder(Order.java:37)
Caused by: org.openqa.selenium.NoSuchElementException: Unable to locate element: {&quot;method&quot;:&quot;xpath&quot;,&quot;selector&quot;:&quot;.//*[@id=&apos;app&apos;]/div/div[2]/div[1]/div[1]/div[1]/form/div[1]/div/a&quot;}
For documentation on this error, please visit: http://seleniumhq.org/exceptions/no_such_element.html
Build info: version: &apos;2.52.0&apos;, revision: &apos;4c2593c&apos;, time: &apos;2016-02-11 19:03:33&apos;
System info: host: &apos;USER-20160327TR&apos;, ip: &apos;192.168.163.1&apos;, os.name: &apos;Windows 7&apos;, os.arch: &apos;amd64&apos;, os.version: &apos;6.1&apos;, java.version: &apos;1.7.0_79&apos;
Driver info: driver.version: unknown
	at &lt;anonymous class&gt;.FirefoxDriver.prototype.findElementInternal_(file:///C:/Users/ADMINI~1/AppData/Local/Temp/anonymous8552129282653075866webdriver-profile/extensions/fxdriver@googlecode.com/components/driver-component.js:10723)
	at &lt;anonymous class&gt;.FirefoxDriver.prototype.findElement(file:///C:/Users/ADMINI~1/AppData/Local/Temp/anonymous8552129282653075866webdriver-profile/extensions/fxdriver@googlecode.com/components/driver-component.js:10732)
	at &lt;anonymous class&gt;.DelayedCommand.prototype.executeInternal_/h(file:///C:/Users/ADMINI~1/AppData/Local/Temp/anonymous8552129282653075866webdriver-profile/extensions/fxdriver@googlecode.com/components/command-processor.js:12614)
	at &lt;anonymous class&gt;.DelayedCommand.prototype.executeInternal_(file:///C:/Users/ADMINI~1/AppData/Local/Temp/anonymous8552129282653075866webdriver-profile/extensions/fxdriver@googlecode.com/components/command-processor.js:12619)
	at &lt;anonymous class&gt;.DelayedCommand.prototype.execute/&lt;(file:///C:/Users/ADMINI~1/AppData/Local/Temp/anonymous8552129282653075866webdriver-profile/extensions/fxdriver@googlecode.com/components/command-processor.js:12561)
... Removed 28 stack frames</div></td></tr></table><p class="totop"><a href="#summary">back to summary</a></p><h3 id="m8">testcases.Order#testorder</h3><table class="result"><tr class="param"><th>Parameter #1</th></tr><tr class="param stripe"><td>[#document: null]</td></tr><tr><th>Messages</th></tr><tr><td><div class="messages">RunCount=2</div></td></tr><tr><th>Exception</th></tr><tr><td><div class="stacktrace">org.junit.ComparisonFailure: expected:&lt;我的收银台[1]&gt; but was:&lt;我的收银台[]&gt;
	at org.junit.Assert.assertEquals(Assert.java:115)
	at org.junit.Assert.assertEquals(Assert.java:144)
	at commonfunction.CommonFunctions.checkequal(CommonFunctions.java:192)
	at testcases.Order.testorder(Order.java:68)
... Removed 24 stack frames</div></td></tr></table><p class="totop"><a href="#summary">back to summary</a></p><h2>CancelOrder</h2><h3 id="m9">testcases.CancelOrder#testcancelorder</h3><table class="result"><tr class="param"><th>Parameter #1</th></tr><tr class="param stripe"><td>[#document: null]</td></tr></table><p class="totop"><a href="#summary">back to summary</a></p><h2>PrintShop</h2><h3 id="m10">testcases.PrintShop#testprint</h3><table class="result"><tr class="param"><th>Parameter #1</th></tr><tr class="param stripe"><td>[#document: null]</td></tr></table><p class="totop"><a href="#summary">back to summary</a></p><h2>ModifyData</h2><h3 id="m11">testcases.ModifyData#testmodifydata</h3><table class="result"><tr class="param"><th>Parameter #1</th></tr><tr class="param stripe"><td>[#document: null]</td></tr></table><p class="totop"><a href="#summary">back to summary</a></p><h2>DupRegister</h2><h3 id="m12">testcases.DupRegister#testdupreg</h3><table class="result"><tr class="param"><th>Parameter #1</th></tr><tr class="param stripe"><td>[#document: null]</td></tr></table><p class="totop"><a href="#summary">back to summary</a></p><h2>ErrPRegister</h2><h3 id="m13">testcases.ErrPRegister#testerrpreg</h3><table class="result"><tr class="param"><th>Parameter #1</th></tr><tr class="param stripe"><td>[#document: null]</td></tr></table><p class="totop"><a href="#summary">back to summary</a></p><h2>ErrMRegister</h2><h3 id="m14">testcases.ErrMRegister#testerrmreg</h3><table class="result"><tr class="param"><th>Parameter #1</th></tr><tr class="param stripe"><td>[#document: null]</td></tr></table><p class="totop"><a href="#summary">back to summary</a></p><h2>LoginFail</h2><h3 id="m15">testcases.LoginFail#testloginfail</h3><table class="result"><tr class="param"><th>Parameter #1</th></tr><tr class="param stripe"><td>[#document: null]</td></tr></table><p class="totop"><a href="#summary">back to summary</a></p><h2>ResetPwd</h2><h3 id="m16">testcases.ResetPwd#testresetpwd</h3><table class="result"><tr class="param"><th>Parameter #1</th></tr><tr class="param stripe"><td>[#document: null]</td></tr><tr><th>Exception</th></tr><tr><td><div class="stacktrace">org.openqa.selenium.NoSuchElementException: Unable to locate element: {&quot;method&quot;:&quot;xpath&quot;,&quot;selector&quot;:&quot;.//*[@id=&apos;app&apos;]/div/div[2]/div[1]/div[1]/div[1]/form/div[1]/div/a&quot;}
Command duration or timeout: 17 milliseconds
For documentation on this error, please visit: http://seleniumhq.org/exceptions/no_such_element.html
Build info: version: &apos;2.52.0&apos;, revision: &apos;4c2593c&apos;, time: &apos;2016-02-11 19:03:33&apos;
System info: host: &apos;USER-20160327TR&apos;, ip: &apos;192.168.163.1&apos;, os.name: &apos;Windows 7&apos;, os.arch: &apos;amd64&apos;, os.version: &apos;6.1&apos;, java.version: &apos;1.7.0_79&apos;
*** Element info: {Using=xpath, value=.//*[@id=&apos;app&apos;]/div/div[2]/div[1]/div[1]/div[1]/form/div[1]/div/a}
Session ID: 363d52f9-83c3-4a7d-bbd6-871d2ccfcdd0
Driver info: org.openqa.selenium.firefox.FirefoxDriver
Capabilities [{platform=WINDOWS, acceptSslCerts=true, javascriptEnabled=true, cssSelectorsEnabled=true, databaseEnabled=true, browserName=firefox, handlesAlerts=true, nativeEvents=false, webStorageEnabled=true, rotatable=false, locationContextEnabled=true, applicationCacheEnabled=true, takesScreenshot=true, version=45.0.2}]
	at org.openqa.selenium.remote.ErrorHandler.createThrowable(ErrorHandler.java:206)
	at org.openqa.selenium.remote.ErrorHandler.throwIfResponseFailed(ErrorHandler.java:158)
	at org.openqa.selenium.remote.RemoteWebDriver.execute(RemoteWebDriver.java:678)
	at org.openqa.selenium.remote.RemoteWebDriver.findElement(RemoteWebDriver.java:363)
	at org.openqa.selenium.remote.RemoteWebDriver.findElementByXPath(RemoteWebDriver.java:500)
	at org.openqa.selenium.By$ByXPath.findElement(By.java:361)
	at org.openqa.selenium.remote.RemoteWebDriver.findElement(RemoteWebDriver.java:355)
	at commonfunction.CommonFunctions.clickitem(CommonFunctions.java:108)
	at testcases.ResetPwd.testresetpwd(ResetPwd.java:32)
Caused by: org.openqa.selenium.NoSuchElementException: Unable to locate element: {&quot;method&quot;:&quot;xpath&quot;,&quot;selector&quot;:&quot;.//*[@id=&apos;app&apos;]/div/div[2]/div[1]/div[1]/div[1]/form/div[1]/div/a&quot;}
For documentation on this error, please visit: http://seleniumhq.org/exceptions/no_such_element.html
Build info: version: &apos;2.52.0&apos;, revision: &apos;4c2593c&apos;, time: &apos;2016-02-11 19:03:33&apos;
System info: host: &apos;USER-20160327TR&apos;, ip: &apos;192.168.163.1&apos;, os.name: &apos;Windows 7&apos;, os.arch: &apos;amd64&apos;, os.version: &apos;6.1&apos;, java.version: &apos;1.7.0_79&apos;
Driver info: driver.version: unknown
	at &lt;anonymous class&gt;.FirefoxDriver.prototype.findElementInternal_(file:///C:/Users/ADMINI~1/AppData/Local/Temp/anonymous4718649438406278890webdriver-profile/extensions/fxdriver@googlecode.com/components/driver-component.js:10723)
	at &lt;anonymous class&gt;.FirefoxDriver.prototype.findElement(file:///C:/Users/ADMINI~1/AppData/Local/Temp/anonymous4718649438406278890webdriver-profile/extensions/fxdriver@googlecode.com/components/driver-component.js:10732)
	at &lt;anonymous class&gt;.DelayedCommand.prototype.executeInternal_/h(file:///C:/Users/ADMINI~1/AppData/Local/Temp/anonymous4718649438406278890webdriver-profile/extensions/fxdriver@googlecode.com/components/command-processor.js:12614)
	at &lt;anonymous class&gt;.DelayedCommand.prototype.executeInternal_(file:///C:/Users/ADMINI~1/AppData/Local/Temp/anonymous4718649438406278890webdriver-profile/extensions/fxdriver@googlecode.com/components/command-processor.js:12619)
	at &lt;anonymous class&gt;.DelayedCommand.prototype.execute/&lt;(file:///C:/Users/ADMINI~1/AppData/Local/Temp/anonymous4718649438406278890webdriver-profile/extensions/fxdriver@googlecode.com/components/command-processor.js:12561)
... Removed 28 stack frames</div></td></tr></table><p class="totop"><a href="#summary">back to summary</a></p><h3 id="m17">testcases.ResetPwd#testresetpwd</h3><table class="result"><tr class="param"><th>Parameter #1</th></tr><tr class="param stripe"><td>[#document: null]</td></tr><tr><th>Messages</th></tr><tr><td><div class="messages">RunCount=3</div></td></tr><tr><th>Exception</th></tr><tr><td><div class="stacktrace">org.openqa.selenium.NoSuchElementException: Unable to locate element: {&quot;method&quot;:&quot;xpath&quot;,&quot;selector&quot;:&quot;.//*[@id=&apos;app&apos;]/div/div[2]/div[1]/div[1]/div[1]/form/div[1]/div/a&quot;}
Command duration or timeout: 14 milliseconds
For documentation on this error, please visit: http://seleniumhq.org/exceptions/no_such_element.html
Build info: version: &apos;2.52.0&apos;, revision: &apos;4c2593c&apos;, time: &apos;2016-02-11 19:03:33&apos;
System info: host: &apos;USER-20160327TR&apos;, ip: &apos;192.168.163.1&apos;, os.name: &apos;Windows 7&apos;, os.arch: &apos;amd64&apos;, os.version: &apos;6.1&apos;, java.version: &apos;1.7.0_79&apos;
*** Element info: {Using=xpath, value=.//*[@id=&apos;app&apos;]/div/div[2]/div[1]/div[1]/div[1]/form/div[1]/div/a}
Session ID: 363d52f9-83c3-4a7d-bbd6-871d2ccfcdd0
Driver info: org.openqa.selenium.firefox.FirefoxDriver
Capabilities [{platform=WINDOWS, acceptSslCerts=true, javascriptEnabled=true, cssSelectorsEnabled=true, databaseEnabled=true, browserName=firefox, handlesAlerts=true, nativeEvents=false, webStorageEnabled=true, rotatable=false, locationContextEnabled=true, applicationCacheEnabled=true, takesScreenshot=true, version=45.0.2}]
	at org.openqa.selenium.remote.ErrorHandler.createThrowable(ErrorHandler.java:206)
	at org.openqa.selenium.remote.ErrorHandler.throwIfResponseFailed(ErrorHandler.java:158)
	at org.openqa.selenium.remote.RemoteWebDriver.execute(RemoteWebDriver.java:678)
	at org.openqa.selenium.remote.RemoteWebDriver.findElement(RemoteWebDriver.java:363)
	at org.openqa.selenium.remote.RemoteWebDriver.findElementByXPath(RemoteWebDriver.java:500)
	at org.openqa.selenium.By$ByXPath.findElement(By.java:361)
	at org.openqa.selenium.remote.RemoteWebDriver.findElement(RemoteWebDriver.java:355)
	at commonfunction.CommonFunctions.clickitem(CommonFunctions.java:108)
	at testcases.ResetPwd.testresetpwd(ResetPwd.java:32)
Caused by: org.openqa.selenium.NoSuchElementException: Unable to locate element: {&quot;method&quot;:&quot;xpath&quot;,&quot;selector&quot;:&quot;.//*[@id=&apos;app&apos;]/div/div[2]/div[1]/div[1]/div[1]/form/div[1]/div/a&quot;}
For documentation on this error, please visit: http://seleniumhq.org/exceptions/no_such_element.html
Build info: version: &apos;2.52.0&apos;, revision: &apos;4c2593c&apos;, time: &apos;2016-02-11 19:03:33&apos;
System info: host: &apos;USER-20160327TR&apos;, ip: &apos;192.168.163.1&apos;, os.name: &apos;Windows 7&apos;, os.arch: &apos;amd64&apos;, os.version: &apos;6.1&apos;, java.version: &apos;1.7.0_79&apos;
Driver info: driver.version: unknown
	at &lt;anonymous class&gt;.FirefoxDriver.prototype.findElementInternal_(file:///C:/Users/ADMINI~1/AppData/Local/Temp/anonymous4718649438406278890webdriver-profile/extensions/fxdriver@googlecode.com/components/driver-component.js:10723)
	at &lt;anonymous class&gt;.FirefoxDriver.prototype.findElement(file:///C:/Users/ADMINI~1/AppData/Local/Temp/anonymous4718649438406278890webdriver-profile/extensions/fxdriver@googlecode.com/components/driver-component.js:10732)
	at &lt;anonymous class&gt;.DelayedCommand.prototype.executeInternal_/h(file:///C:/Users/ADMINI~1/AppData/Local/Temp/anonymous4718649438406278890webdriver-profile/extensions/fxdriver@googlecode.com/components/command-processor.js:12614)
	at &lt;anonymous class&gt;.DelayedCommand.prototype.executeInternal_(file:///C:/Users/ADMINI~1/AppData/Local/Temp/anonymous4718649438406278890webdriver-profile/extensions/fxdriver@googlecode.com/components/command-processor.js:12619)
	at &lt;anonymous class&gt;.DelayedCommand.prototype.execute/&lt;(file:///C:/Users/ADMINI~1/AppData/Local/Temp/anonymous4718649438406278890webdriver-profile/extensions/fxdriver@googlecode.com/components/command-processor.js:12561)
... Removed 28 stack frames</div></td></tr></table><p class="totop"><a href="#summary">back to summary</a></p><h3 id="m18">testcases.ResetPwd#testresetpwd</h3><table class="result"><tr class="param"><th>Parameter #1</th></tr><tr class="param stripe"><td>[#document: null]</td></tr><tr><th>Messages</th></tr><tr><td><div class="messages">RunCount=4</div></td></tr><tr><th>Exception</th></tr><tr><td><div class="stacktrace">org.openqa.selenium.NoSuchElementException: Unable to locate element: {&quot;method&quot;:&quot;xpath&quot;,&quot;selector&quot;:&quot;.//*[@id=&apos;app&apos;]/div/div[2]/div[1]/div[1]/div[1]/form/div[1]/div/a&quot;}
Command duration or timeout: 10 milliseconds
For documentation on this error, please visit: http://seleniumhq.org/exceptions/no_such_element.html
Build info: version: &apos;2.52.0&apos;, revision: &apos;4c2593c&apos;, time: &apos;2016-02-11 19:03:33&apos;
System info: host: &apos;USER-20160327TR&apos;, ip: &apos;192.168.163.1&apos;, os.name: &apos;Windows 7&apos;, os.arch: &apos;amd64&apos;, os.version: &apos;6.1&apos;, java.version: &apos;1.7.0_79&apos;
*** Element info: {Using=xpath, value=.//*[@id=&apos;app&apos;]/div/div[2]/div[1]/div[1]/div[1]/form/div[1]/div/a}
Session ID: 363d52f9-83c3-4a7d-bbd6-871d2ccfcdd0
Driver info: org.openqa.selenium.firefox.FirefoxDriver
Capabilities [{platform=WINDOWS, acceptSslCerts=true, javascriptEnabled=true, cssSelectorsEnabled=true, databaseEnabled=true, browserName=firefox, handlesAlerts=true, nativeEvents=false, webStorageEnabled=true, rotatable=false, locationContextEnabled=true, applicationCacheEnabled=true, takesScreenshot=true, version=45.0.2}]
	at org.openqa.selenium.remote.ErrorHandler.createThrowable(ErrorHandler.java:206)
	at org.openqa.selenium.remote.ErrorHandler.throwIfResponseFailed(ErrorHandler.java:158)
	at org.openqa.selenium.remote.RemoteWebDriver.execute(RemoteWebDriver.java:678)
	at org.openqa.selenium.remote.RemoteWebDriver.findElement(RemoteWebDriver.java:363)
	at org.openqa.selenium.remote.RemoteWebDriver.findElementByXPath(RemoteWebDriver.java:500)
	at org.openqa.selenium.By$ByXPath.findElement(By.java:361)
	at org.openqa.selenium.remote.RemoteWebDriver.findElement(RemoteWebDriver.java:355)
	at commonfunction.CommonFunctions.clickitem(CommonFunctions.java:108)
	at testcases.ResetPwd.testresetpwd(ResetPwd.java:32)
Caused by: org.openqa.selenium.NoSuchElementException: Unable to locate element: {&quot;method&quot;:&quot;xpath&quot;,&quot;selector&quot;:&quot;.//*[@id=&apos;app&apos;]/div/div[2]/div[1]/div[1]/div[1]/form/div[1]/div/a&quot;}
For documentation on this error, please visit: http://seleniumhq.org/exceptions/no_such_element.html
Build info: version: &apos;2.52.0&apos;, revision: &apos;4c2593c&apos;, time: &apos;2016-02-11 19:03:33&apos;
System info: host: &apos;USER-20160327TR&apos;, ip: &apos;192.168.163.1&apos;, os.name: &apos;Windows 7&apos;, os.arch: &apos;amd64&apos;, os.version: &apos;6.1&apos;, java.version: &apos;1.7.0_79&apos;
Driver info: driver.version: unknown
	at &lt;anonymous class&gt;.FirefoxDriver.prototype.findElementInternal_(file:///C:/Users/ADMINI~1/AppData/Local/Temp/anonymous4718649438406278890webdriver-profile/extensions/fxdriver@googlecode.com/components/driver-component.js:10723)
	at &lt;anonymous class&gt;.FirefoxDriver.prototype.findElement(file:///C:/Users/ADMINI~1/AppData/Local/Temp/anonymous4718649438406278890webdriver-profile/extensions/fxdriver@googlecode.com/components/driver-component.js:10732)
	at &lt;anonymous class&gt;.DelayedCommand.prototype.executeInternal_/h(file:///C:/Users/ADMINI~1/AppData/Local/Temp/anonymous4718649438406278890webdriver-profile/extensions/fxdriver@googlecode.com/components/command-processor.js:12614)
	at &lt;anonymous class&gt;.DelayedCommand.prototype.executeInternal_(file:///C:/Users/ADMINI~1/AppData/Local/Temp/anonymous4718649438406278890webdriver-profile/extensions/fxdriver@googlecode.com/components/command-processor.js:12619)
	at &lt;anonymous class&gt;.DelayedCommand.prototype.execute/&lt;(file:///C:/Users/ADMINI~1/AppData/Local/Temp/anonymous4718649438406278890webdriver-profile/extensions/fxdriver@googlecode.com/components/command-processor.js:12561)
... Removed 28 stack frames</div></td></tr></table><p class="totop"><a href="#summary">back to summary</a></p><h3 id="m19">testcases.ResetPwd#testresetpwd</h3><table class="result"><tr class="param"><th>Parameter #1</th></tr><tr class="param stripe"><td>[#document: null]</td></tr><tr><th>Messages</th></tr><tr><td><div class="messages">RunCount=2</div></td></tr><tr><th>Exception</th></tr><tr><td><div class="stacktrace">org.junit.ComparisonFailure: expected:&lt;[密码重置成功,请登录]&gt; but was:&lt;[短信验证码错误]&gt;
	at org.junit.Assert.assertEquals(Assert.java:115)
	at org.junit.Assert.assertEquals(Assert.java:144)
	at commonfunction.CommonFunctions.checkequal(CommonFunctions.java:192)
	at testcases.ResetPwd.testresetpwd(ResetPwd.java:53)
... Removed 24 stack frames</div></td></tr></table><p class="totop"><a href="#summary">back to summary</a></p><h2>ModifyPwd</h2><h3 id="m20">testcases.ModifyPwd#testmodifypwd</h3><table class="result"><tr class="param"><th>Parameter #1</th></tr><tr class="param stripe"><td>[#document: null]</td></tr></table><p class="totop"><a href="#summary">back to summary</a></p><h2>Pay</h2><h3 id="m21">testcases.Pay#testpay</h3><table class="result"><tr class="param"><th>Parameter #1</th></tr><tr class="param stripe"><td>[#document: null]</td></tr></table><p class="totop"><a href="#summary">back to summary</a></p><h2>CancelPay</h2><h3 id="m22">testcases.CancelPay#testcancelpay</h3><table class="result"><tr class="param"><th>Parameter #1</th></tr><tr class="param stripe"><td>[#document: null]</td></tr></table><p class="totop"><a href="#summary">back to summary</a></p></body></html>