<!DOCTYPE html>

<html>
  <head>
  <meta charset='utf-8'>
  <title>TestNG reports</title>

    <link type="text/css" href="testng-reports.css" rel="stylesheet" />  
    <script type="text/javascript" src="jquery-1.7.1.min.js"></script>
    <script type="text/javascript" src="testng-reports.js"></script>
    <script type="text/javascript" src="https://www.google.com/jsapi"></script>
    <script type='text/javascript'>
      google.load('visualization', '1', {packages:['table']});
      google.setOnLoadCallback(drawTable);
      var suiteTableInitFunctions = new Array();
      var suiteTableData = new Array();
    </script>
    <!--
      <script type="text/javascript" src="jquery-ui/js/jquery-ui-1.8.16.custom.min.js"></script>
     -->
  </head>

  <body>
    <div class="top-banner-root">
      <span class="top-banner-title-font">Test results</span>
      <br/>
      <span class="top-banner-font-1">1 suite, 3 failed tests</span>
    </div> <!-- top-banner-root -->
    <div class="navigator-root">
      <div class="navigator-suite-header">
        <span>All suites</span>
        <a href="#" class="collapse-all-link" title="Collapse/expand all the suites">
          <img class="collapse-all-icon" src="collapseall.gif">
          </img> <!-- collapse-all-icon -->
        </a> <!-- collapse-all-link -->
      </div> <!-- navigator-suite-header -->
      <div class="suite">
        <div class="rounded-window">
          <div class="suite-header light-rounded-window-top">
            <a href="#" class="navigator-link" panel-name="suite-Suite">
              <span class="suite-name border-failed">Suite</span>
            </a> <!-- navigator-link -->
          </div> <!-- suite-header light-rounded-window-top -->
          <div class="navigator-suite-content">
            <div class="suite-section-title">
              <span>Info</span>
            </div> <!-- suite-section-title -->
            <div class="suite-section-content">
              <ul>
                <li>
                  <a href="#" class="navigator-link " panel-name="test-xml-Suite">
                    <span>D:\workspace4javaee\TestNGdemo\testng.xml</span>
                  </a> <!-- navigator-link  -->
                </li>
                <li>
                  <a href="#" class="navigator-link " panel-name="testlist-Suite">
                    <span class="test-stats">14 tests</span>
                  </a> <!-- navigator-link  -->
                </li>
                <li>
                  <a href="#" class="navigator-link " panel-name="group-Suite">
                    <span>0 groups</span>
                  </a> <!-- navigator-link  -->
                </li>
                <li>
                  <a href="#" class="navigator-link " panel-name="times-Suite">
                    <span>Times</span>
                  </a> <!-- navigator-link  -->
                </li>
                <li>
                  <a href="#" class="navigator-link " panel-name="reporter-Suite">
                    <span>Reporter output</span>
                  </a> <!-- navigator-link  -->
                </li>
                <li>
                  <a href="#" class="navigator-link " panel-name="ignored-methods-Suite">
                    <span>Ignored methods</span>
                  </a> <!-- navigator-link  -->
                </li>
                <li>
                  <a href="#" class="navigator-link " panel-name="chronological-Suite">
                    <span>Chronological view</span>
                  </a> <!-- navigator-link  -->
                </li>
              </ul>
            </div> <!-- suite-section-content -->
            <div class="result-section">
              <div class="suite-section-title">
                <span>Results</span>
              </div> <!-- suite-section-title -->
              <div class="suite-section-content">
                <ul>
                  <li>
                    <span class="method-stats">23 methods, 3 failed,  9 skipped,  11 passed</span>
                  </li>
                  <li>
                    <span class="method-list-title failed">Failed methods</span>
                    <span class="show-or-hide-methods failed">
                      <a href="#" panel-name="suite-Suite" class="hide-methods failed suite-Suite"> (hide)</a> <!-- hide-methods failed suite-Suite -->
                      <a href="#" panel-name="suite-Suite" class="show-methods failed suite-Suite"> (show)</a> <!-- show-methods failed suite-Suite -->
                    </span>
                    <div class="method-list-content failed suite-Suite">
                      <span>
                        <img width="3%" src="failed.png"/>
                        <a href="#" class="method navigator-link" panel-name="suite-Suite" title="testcases.Login" hash-for-method="testlogin([#document: null])">testlogin([#document: null])</a> <!-- method navigator-link -->
                      </span>
                      <br/>
                      <span>
                        <img width="3%" src="failed.png"/>
                        <a href="#" class="method navigator-link" panel-name="suite-Suite" title="testcases.Order" hash-for-method="testorder([#document: null])">testorder([#document: null])</a> <!-- method navigator-link -->
                      </span>
                      <br/>
                      <span>
                        <img width="3%" src="failed.png"/>
                        <a href="#" class="method navigator-link" panel-name="suite-Suite" title="testcases.ResetPwd" hash-for-method="testresetpwd([#document: null])">testresetpwd([#document: null])</a> <!-- method navigator-link -->
                      </span>
                      <br/>
                    </div> <!-- method-list-content failed suite-Suite -->
                  </li>
                  <li>
                    <span class="method-list-title skipped">Skipped methods</span>
                    <span class="show-or-hide-methods skipped">
                      <a href="#" panel-name="suite-Suite" class="hide-methods skipped suite-Suite"> (hide)</a> <!-- hide-methods skipped suite-Suite -->
                      <a href="#" panel-name="suite-Suite" class="show-methods skipped suite-Suite"> (show)</a> <!-- show-methods skipped suite-Suite -->
                    </span>
                    <div class="method-list-content skipped suite-Suite">
                      <span>
                        <img width="3%" src="skipped.png"/>
                        <a href="#" class="method navigator-link" panel-name="suite-Suite" title="testcases.Login" hash-for-method="testlogin([#document: null])">testlogin([#document: null])</a> <!-- method navigator-link -->
                      </span>
                      <br/>
                      <span>
                        <img width="3%" src="skipped.png"/>
                        <a href="#" class="method navigator-link" panel-name="suite-Suite" title="testcases.Login" hash-for-method="testlogin([#document: null])">testlogin([#document: null])</a> <!-- method navigator-link -->
                      </span>
                      <br/>
                      <span>
                        <img width="3%" src="skipped.png"/>
                        <a href="#" class="method navigator-link" panel-name="suite-Suite" title="testcases.Login" hash-for-method="testlogin([#document: null])">testlogin([#document: null])</a> <!-- method navigator-link -->
                      </span>
                      <br/>
                      <span>
                        <img width="3%" src="skipped.png"/>
                        <a href="#" class="method navigator-link" panel-name="suite-Suite" title="testcases.Order" hash-for-method="testorder([#document: null])">testorder([#document: null])</a> <!-- method navigator-link -->
                      </span>
                      <br/>
                      <span>
                        <img width="3%" src="skipped.png"/>
                        <a href="#" class="method navigator-link" panel-name="suite-Suite" title="testcases.Order" hash-for-method="testorder([#document: null])">testorder([#document: null])</a> <!-- method navigator-link -->
                      </span>
                      <br/>
                      <span>
                        <img width="3%" src="skipped.png"/>
                        <a href="#" class="method navigator-link" panel-name="suite-Suite" title="testcases.Order" hash-for-method="testorder([#document: null])">testorder([#document: null])</a> <!-- method navigator-link -->
                      </span>
                      <br/>
                      <span>
                        <img width="3%" src="skipped.png"/>
                        <a href="#" class="method navigator-link" panel-name="suite-Suite" title="testcases.ResetPwd" hash-for-method="testresetpwd([#document: null])">testresetpwd([#document: null])</a> <!-- method navigator-link -->
                      </span>
                      <br/>
                      <span>
                        <img width="3%" src="skipped.png"/>
                        <a href="#" class="method navigator-link" panel-name="suite-Suite" title="testcases.ResetPwd" hash-for-method="testresetpwd([#document: null])">testresetpwd([#document: null])</a> <!-- method navigator-link -->
                      </span>
                      <br/>
                      <span>
                        <img width="3%" src="skipped.png"/>
                        <a href="#" class="method navigator-link" panel-name="suite-Suite" title="testcases.ResetPwd" hash-for-method="testresetpwd([#document: null])">testresetpwd([#document: null])</a> <!-- method navigator-link -->
                      </span>
                      <br/>
                    </div> <!-- method-list-content skipped suite-Suite -->
                  </li>
                  <li>
                    <span class="method-list-title passed">Passed methods</span>
                    <span class="show-or-hide-methods passed">
                      <a href="#" panel-name="suite-Suite" class="hide-methods passed suite-Suite"> (hide)</a> <!-- hide-methods passed suite-Suite -->
                      <a href="#" panel-name="suite-Suite" class="show-methods passed suite-Suite"> (show)</a> <!-- show-methods passed suite-Suite -->
                    </span>
                    <div class="method-list-content passed suite-Suite">
                      <span>
                        <img width="3%" src="passed.png"/>
                        <a href="#" class="method navigator-link" panel-name="suite-Suite" title="testcases.CancelOrder" hash-for-method="testcancelorder([#document: null])">testcancelorder([#document: null])</a> <!-- method navigator-link -->
                      </span>
                      <br/>
                      <span>
                        <img width="3%" src="passed.png"/>
                        <a href="#" class="method navigator-link" panel-name="suite-Suite" title="testcases.CancelPay" hash-for-method="testcancelpay([#document: null])">testcancelpay([#document: null])</a> <!-- method navigator-link -->
                      </span>
                      <br/>
                      <span>
                        <img width="3%" src="passed.png"/>
                        <a href="#" class="method navigator-link" panel-name="suite-Suite" title="testcases.DupRegister" hash-for-method="testdupreg([#document: null])">testdupreg([#document: null])</a> <!-- method navigator-link -->
                      </span>
                      <br/>
                      <span>
                        <img width="3%" src="passed.png"/>
                        <a href="#" class="method navigator-link" panel-name="suite-Suite" title="testcases.ErrMRegister" hash-for-method="testerrmreg([#document: null])">testerrmreg([#document: null])</a> <!-- method navigator-link -->
                      </span>
                      <br/>
                      <span>
                        <img width="3%" src="passed.png"/>
                        <a href="#" class="method navigator-link" panel-name="suite-Suite" title="testcases.ErrPRegister" hash-for-method="testerrpreg([#document: null])">testerrpreg([#document: null])</a> <!-- method navigator-link -->
                      </span>
                      <br/>
                      <span>
                        <img width="3%" src="passed.png"/>
                        <a href="#" class="method navigator-link" panel-name="suite-Suite" title="testcases.LoginFail" hash-for-method="testloginfail([#document: null])">testloginfail([#document: null])</a> <!-- method navigator-link -->
                      </span>
                      <br/>
                      <span>
                        <img width="3%" src="passed.png"/>
                        <a href="#" class="method navigator-link" panel-name="suite-Suite" title="testcases.ModifyData" hash-for-method="testmodifydata([#document: null])">testmodifydata([#document: null])</a> <!-- method navigator-link -->
                      </span>
                      <br/>
                      <span>
                        <img width="3%" src="passed.png"/>
                        <a href="#" class="method navigator-link" panel-name="suite-Suite" title="testcases.ModifyPwd" hash-for-method="testmodifypwd([#document: null])">testmodifypwd([#document: null])</a> <!-- method navigator-link -->
                      </span>
                      <br/>
                      <span>
                        <img width="3%" src="passed.png"/>
                        <a href="#" class="method navigator-link" panel-name="suite-Suite" title="testcases.Pay" hash-for-method="testpay([#document: null])">testpay([#document: null])</a> <!-- method navigator-link -->
                      </span>
                      <br/>
                      <span>
                        <img width="3%" src="passed.png"/>
                        <a href="#" class="method navigator-link" panel-name="suite-Suite" title="testcases.PrintShop" hash-for-method="testprint([#document: null])">testprint([#document: null])</a> <!-- method navigator-link -->
                      </span>
                      <br/>
                      <span>
                        <img width="3%" src="passed.png"/>
                        <a href="#" class="method navigator-link" panel-name="suite-Suite" title="testcases.Register" hash-for-method="testreg([#document: null])">testreg([#document: null])</a> <!-- method navigator-link -->
                      </span>
                      <br/>
                    </div> <!-- method-list-content passed suite-Suite -->
                  </li>
                </ul>
              </div> <!-- suite-section-content -->
            </div> <!-- result-section -->
          </div> <!-- navigator-suite-content -->
        </div> <!-- rounded-window -->
      </div> <!-- suite -->
    </div> <!-- navigator-root -->
    <div class="wrapper">
      <div class="main-panel-root">
        <div panel-name="suite-Suite" class="panel Suite">
          <div class="suite-Suite-class-failed">
            <div class="main-panel-header rounded-window-top">
              <img src="failed.png"/>
              <span class="class-name">testcases.Order</span>
            </div> <!-- main-panel-header rounded-window-top -->
            <div class="main-panel-content rounded-window-bottom">
              <div class="method">
                <div class="method-content">
                  <a name="testorder([#document: null])">
                  </a> <!-- testorder([#document: null]) -->
                  <span class="method-name">testorder</span>
                  <span class="parameters">([#document: null])</span>
                  <div class="stack-trace">org.openqa.selenium.NoSuchElementException: Unable to locate element: {&quot;method&quot;:&quot;xpath&quot;,&quot;selector&quot;:&quot;.//*[@id=&apos;app&apos;]/div/div[2]/div[1]/div[1]/div[1]/form/div[1]/div/a&quot;}
Command duration or timeout: 14 milliseconds
For documentation on this error, please visit: http://seleniumhq.org/exceptions/no_such_element.html
Build info: version: &apos;2.52.0&apos;, revision: &apos;4c2593c&apos;, time: &apos;2016-02-11 19:03:33&apos;
System info: host: &apos;USER-20160327TR&apos;, ip: &apos;192.168.163.1&apos;, os.name: &apos;Windows 7&apos;, os.arch: &apos;amd64&apos;, os.version: &apos;6.1&apos;, java.version: &apos;1.7.0_79&apos;
*** Element info: {Using=xpath, value=.//*[@id=&apos;app&apos;]/div/div[2]/div[1]/div[1]/div[1]/form/div[1]/div/a}
Session ID: e1048109-cba5-4005-9e76-72b81ef0e6cc
Driver info: org.openqa.selenium.firefox.FirefoxDriver
Capabilities [{platform=WINDOWS, acceptSslCerts=true, javascriptEnabled=true, cssSelectorsEnabled=true, databaseEnabled=true, browserName=firefox, handlesAlerts=true, nativeEvents=false, webStorageEnabled=true, rotatable=false, locationContextEnabled=true, applicationCacheEnabled=true, takesScreenshot=true, version=45.0.2}]
	at org.openqa.selenium.remote.ErrorHandler.createThrowable(ErrorHandler.java:206)
	at org.openqa.selenium.remote.ErrorHandler.throwIfResponseFailed(ErrorHandler.java:158)
	at org.openqa.selenium.remote.RemoteWebDriver.execute(RemoteWebDriver.java:678)
	at org.openqa.selenium.remote.RemoteWebDriver.findElement(RemoteWebDriver.java:363)
	at org.openqa.selenium.remote.RemoteWebDriver.findElementByXPath(RemoteWebDriver.java:500)
	at org.openqa.selenium.By$ByXPath.findElement(By.java:361)
	at org.openqa.selenium.remote.RemoteWebDriver.findElement(RemoteWebDriver.java:355)
	at commonfunction.CommonFunctions.clickitem(CommonFunctions.java:108)
	at commonfunction.CommonFunctions.login(CommonFunctions.java:221)
	at testcases.Order.testorder(Order.java:37)
Caused by: org.openqa.selenium.NoSuchElementException: Unable to locate element: {&quot;method&quot;:&quot;xpath&quot;,&quot;selector&quot;:&quot;.//*[@id=&apos;app&apos;]/div/div[2]/div[1]/div[1]/div[1]/form/div[1]/div/a&quot;}
For documentation on this error, please visit: http://seleniumhq.org/exceptions/no_such_element.html
Build info: version: &apos;2.52.0&apos;, revision: &apos;4c2593c&apos;, time: &apos;2016-02-11 19:03:33&apos;
System info: host: &apos;USER-20160327TR&apos;, ip: &apos;192.168.163.1&apos;, os.name: &apos;Windows 7&apos;, os.arch: &apos;amd64&apos;, os.version: &apos;6.1&apos;, java.version: &apos;1.7.0_79&apos;
Driver info: driver.version: unknown
	at &lt;anonymous class&gt;.FirefoxDriver.prototype.findElementInternal_(file:///C:/Users/ADMINI~1/AppData/Local/Temp/anonymous8552129282653075866webdriver-profile/extensions/fxdriver@googlecode.com/components/driver-component.js:10723)
	at &lt;anonymous class&gt;.FirefoxDriver.prototype.findElement(file:///C:/Users/ADMINI~1/AppData/Local/Temp/anonymous8552129282653075866webdriver-profile/extensions/fxdriver@googlecode.com/components/driver-component.js:10732)
	at &lt;anonymous class&gt;.DelayedCommand.prototype.executeInternal_/h(file:///C:/Users/ADMINI~1/AppData/Local/Temp/anonymous8552129282653075866webdriver-profile/extensions/fxdriver@googlecode.com/components/command-processor.js:12614)
	at &lt;anonymous class&gt;.DelayedCommand.prototype.executeInternal_(file:///C:/Users/ADMINI~1/AppData/Local/Temp/anonymous8552129282653075866webdriver-profile/extensions/fxdriver@googlecode.com/components/command-processor.js:12619)
	at &lt;anonymous class&gt;.DelayedCommand.prototype.execute/&lt;(file:///C:/Users/ADMINI~1/AppData/Local/Temp/anonymous8552129282653075866webdriver-profile/extensions/fxdriver@googlecode.com/components/command-processor.js:12561)
... Removed 28 stack frames
</div> <!-- stack-trace -->
                </div> <!-- method-content -->
              </div> <!-- method -->
            </div> <!-- main-panel-content rounded-window-bottom -->
          </div> <!-- suite-Suite-class-failed -->
          <div class="suite-Suite-class-failed">
            <div class="main-panel-header rounded-window-top">
              <img src="failed.png"/>
              <span class="class-name">testcases.Login</span>
            </div> <!-- main-panel-header rounded-window-top -->
            <div class="main-panel-content rounded-window-bottom">
              <div class="method">
                <div class="method-content">
                  <a name="testlogin([#document: null])">
                  </a> <!-- testlogin([#document: null]) -->
                  <span class="method-name">testlogin</span>
                  <span class="parameters">([#document: null])</span>
                  <div class="stack-trace">org.junit.ComparisonFailure: expected:&lt;[aa]&gt; but was:&lt;[login]&gt;
	at org.junit.Assert.assertEquals(Assert.java:115)
	at org.junit.Assert.assertEquals(Assert.java:144)
	at commonfunction.CommonFunctions.checkequal(CommonFunctions.java:192)
	at testcases.Login.testlogin(Login.java:36)
... Removed 24 stack frames
</div> <!-- stack-trace -->
                </div> <!-- method-content -->
              </div> <!-- method -->
            </div> <!-- main-panel-content rounded-window-bottom -->
          </div> <!-- suite-Suite-class-failed -->
          <div class="suite-Suite-class-failed">
            <div class="main-panel-header rounded-window-top">
              <img src="failed.png"/>
              <span class="class-name">testcases.ResetPwd</span>
            </div> <!-- main-panel-header rounded-window-top -->
            <div class="main-panel-content rounded-window-bottom">
              <div class="method">
                <div class="method-content">
                  <a name="testresetpwd([#document: null])">
                  </a> <!-- testresetpwd([#document: null]) -->
                  <span class="method-name">testresetpwd</span>
                  <span class="parameters">([#document: null])</span>
                  <div class="stack-trace">org.openqa.selenium.NoSuchElementException: Unable to locate element: {&quot;method&quot;:&quot;xpath&quot;,&quot;selector&quot;:&quot;.//*[@id=&apos;app&apos;]/div/div[2]/div[1]/div[1]/div[1]/form/div[1]/div/a&quot;}
Command duration or timeout: 17 milliseconds
For documentation on this error, please visit: http://seleniumhq.org/exceptions/no_such_element.html
Build info: version: &apos;2.52.0&apos;, revision: &apos;4c2593c&apos;, time: &apos;2016-02-11 19:03:33&apos;
System info: host: &apos;USER-20160327TR&apos;, ip: &apos;192.168.163.1&apos;, os.name: &apos;Windows 7&apos;, os.arch: &apos;amd64&apos;, os.version: &apos;6.1&apos;, java.version: &apos;1.7.0_79&apos;
*** Element info: {Using=xpath, value=.//*[@id=&apos;app&apos;]/div/div[2]/div[1]/div[1]/div[1]/form/div[1]/div/a}
Session ID: 363d52f9-83c3-4a7d-bbd6-871d2ccfcdd0
Driver info: org.openqa.selenium.firefox.FirefoxDriver
Capabilities [{platform=WINDOWS, acceptSslCerts=true, javascriptEnabled=true, cssSelectorsEnabled=true, databaseEnabled=true, browserName=firefox, handlesAlerts=true, nativeEvents=false, webStorageEnabled=true, rotatable=false, locationContextEnabled=true, applicationCacheEnabled=true, takesScreenshot=true, version=45.0.2}]
	at org.openqa.selenium.remote.ErrorHandler.createThrowable(ErrorHandler.java:206)
	at org.openqa.selenium.remote.ErrorHandler.throwIfResponseFailed(ErrorHandler.java:158)
	at org.openqa.selenium.remote.RemoteWebDriver.execute(RemoteWebDriver.java:678)
	at org.openqa.selenium.remote.RemoteWebDriver.findElement(RemoteWebDriver.java:363)
	at org.openqa.selenium.remote.RemoteWebDriver.findElementByXPath(RemoteWebDriver.java:500)
	at org.openqa.selenium.By$ByXPath.findElement(By.java:361)
	at org.openqa.selenium.remote.RemoteWebDriver.findElement(RemoteWebDriver.java:355)
	at commonfunction.CommonFunctions.clickitem(CommonFunctions.java:108)
	at testcases.ResetPwd.testresetpwd(ResetPwd.java:32)
Caused by: org.openqa.selenium.NoSuchElementException: Unable to locate element: {&quot;method&quot;:&quot;xpath&quot;,&quot;selector&quot;:&quot;.//*[@id=&apos;app&apos;]/div/div[2]/div[1]/div[1]/div[1]/form/div[1]/div/a&quot;}
For documentation on this error, please visit: http://seleniumhq.org/exceptions/no_such_element.html
Build info: version: &apos;2.52.0&apos;, revision: &apos;4c2593c&apos;, time: &apos;2016-02-11 19:03:33&apos;
System info: host: &apos;USER-20160327TR&apos;, ip: &apos;192.168.163.1&apos;, os.name: &apos;Windows 7&apos;, os.arch: &apos;amd64&apos;, os.version: &apos;6.1&apos;, java.version: &apos;1.7.0_79&apos;
Driver info: driver.version: unknown
	at &lt;anonymous class&gt;.FirefoxDriver.prototype.findElementInternal_(file:///C:/Users/ADMINI~1/AppData/Local/Temp/anonymous4718649438406278890webdriver-profile/extensions/fxdriver@googlecode.com/components/driver-component.js:10723)
	at &lt;anonymous class&gt;.FirefoxDriver.prototype.findElement(file:///C:/Users/ADMINI~1/AppData/Local/Temp/anonymous4718649438406278890webdriver-profile/extensions/fxdriver@googlecode.com/components/driver-component.js:10732)
	at &lt;anonymous class&gt;.DelayedCommand.prototype.executeInternal_/h(file:///C:/Users/ADMINI~1/AppData/Local/Temp/anonymous4718649438406278890webdriver-profile/extensions/fxdriver@googlecode.com/components/command-processor.js:12614)
	at &lt;anonymous class&gt;.DelayedCommand.prototype.executeInternal_(file:///C:/Users/ADMINI~1/AppData/Local/Temp/anonymous4718649438406278890webdriver-profile/extensions/fxdriver@googlecode.com/components/command-processor.js:12619)
	at &lt;anonymous class&gt;.DelayedCommand.prototype.execute/&lt;(file:///C:/Users/ADMINI~1/AppData/Local/Temp/anonymous4718649438406278890webdriver-profile/extensions/fxdriver@googlecode.com/components/command-processor.js:12561)
... Removed 28 stack frames
</div> <!-- stack-trace -->
                </div> <!-- method-content -->
              </div> <!-- method -->
            </div> <!-- main-panel-content rounded-window-bottom -->
          </div> <!-- suite-Suite-class-failed -->
          <div class="suite-Suite-class-skipped">
            <div class="main-panel-header rounded-window-top">
              <img src="skipped.png"/>
              <span class="class-name">testcases.Order</span>
            </div> <!-- main-panel-header rounded-window-top -->
            <div class="main-panel-content rounded-window-bottom">
              <div class="method">
                <div class="method-content">
                  <a name="testorder([#document: null])">
                  </a> <!-- testorder([#document: null]) -->
                  <span class="method-name">testorder</span>
                  <span class="parameters">([#document: null])</span>
                  <div class="stack-trace">org.openqa.selenium.NoSuchElementException: Unable to locate element: {&quot;method&quot;:&quot;xpath&quot;,&quot;selector&quot;:&quot;.//*[@id=&apos;app&apos;]/div/div[2]/div[1]/div[1]/div[1]/form/div[1]/div/a&quot;}
Command duration or timeout: 29 milliseconds
For documentation on this error, please visit: http://seleniumhq.org/exceptions/no_such_element.html
Build info: version: &apos;2.52.0&apos;, revision: &apos;4c2593c&apos;, time: &apos;2016-02-11 19:03:33&apos;
System info: host: &apos;USER-20160327TR&apos;, ip: &apos;192.168.163.1&apos;, os.name: &apos;Windows 7&apos;, os.arch: &apos;amd64&apos;, os.version: &apos;6.1&apos;, java.version: &apos;1.7.0_79&apos;
*** Element info: {Using=xpath, value=.//*[@id=&apos;app&apos;]/div/div[2]/div[1]/div[1]/div[1]/form/div[1]/div/a}
Session ID: e1048109-cba5-4005-9e76-72b81ef0e6cc
Driver info: org.openqa.selenium.firefox.FirefoxDriver
Capabilities [{platform=WINDOWS, acceptSslCerts=true, javascriptEnabled=true, cssSelectorsEnabled=true, databaseEnabled=true, browserName=firefox, handlesAlerts=true, nativeEvents=false, webStorageEnabled=true, rotatable=false, locationContextEnabled=true, applicationCacheEnabled=true, takesScreenshot=true, version=45.0.2}]
	at org.openqa.selenium.remote.ErrorHandler.createThrowable(ErrorHandler.java:206)
	at org.openqa.selenium.remote.ErrorHandler.throwIfResponseFailed(ErrorHandler.java:158)
	at org.openqa.selenium.remote.RemoteWebDriver.execute(RemoteWebDriver.java:678)
	at org.openqa.selenium.remote.RemoteWebDriver.findElement(RemoteWebDriver.java:363)
	at org.openqa.selenium.remote.RemoteWebDriver.findElementByXPath(RemoteWebDriver.java:500)
	at org.openqa.selenium.By$ByXPath.findElement(By.java:361)
	at org.openqa.selenium.remote.RemoteWebDriver.findElement(RemoteWebDriver.java:355)
	at commonfunction.CommonFunctions.clickitem(CommonFunctions.java:108)
	at commonfunction.CommonFunctions.login(CommonFunctions.java:221)
	at testcases.Order.testorder(Order.java:37)
Caused by: org.openqa.selenium.NoSuchElementException: Unable to locate element: {&quot;method&quot;:&quot;xpath&quot;,&quot;selector&quot;:&quot;.//*[@id=&apos;app&apos;]/div/div[2]/div[1]/div[1]/div[1]/form/div[1]/div/a&quot;}
For documentation on this error, please visit: http://seleniumhq.org/exceptions/no_such_element.html
Build info: version: &apos;2.52.0&apos;, revision: &apos;4c2593c&apos;, time: &apos;2016-02-11 19:03:33&apos;
System info: host: &apos;USER-20160327TR&apos;, ip: &apos;192.168.163.1&apos;, os.name: &apos;Windows 7&apos;, os.arch: &apos;amd64&apos;, os.version: &apos;6.1&apos;, java.version: &apos;1.7.0_79&apos;
Driver info: driver.version: unknown
	at &lt;anonymous class&gt;.FirefoxDriver.prototype.findElementInternal_(file:///C:/Users/ADMINI~1/AppData/Local/Temp/anonymous8552129282653075866webdriver-profile/extensions/fxdriver@googlecode.com/components/driver-component.js:10723)
	at &lt;anonymous class&gt;.FirefoxDriver.prototype.findElement(file:///C:/Users/ADMINI~1/AppData/Local/Temp/anonymous8552129282653075866webdriver-profile/extensions/fxdriver@googlecode.com/components/driver-component.js:10732)
	at &lt;anonymous class&gt;.DelayedCommand.prototype.executeInternal_/h(file:///C:/Users/ADMINI~1/AppData/Local/Temp/anonymous8552129282653075866webdriver-profile/extensions/fxdriver@googlecode.com/components/command-processor.js:12614)
	at &lt;anonymous class&gt;.DelayedCommand.prototype.executeInternal_(file:///C:/Users/ADMINI~1/AppData/Local/Temp/anonymous8552129282653075866webdriver-profile/extensions/fxdriver@googlecode.com/components/command-processor.js:12619)
	at &lt;anonymous class&gt;.DelayedCommand.prototype.execute/&lt;(file:///C:/Users/ADMINI~1/AppData/Local/Temp/anonymous8552129282653075866webdriver-profile/extensions/fxdriver@googlecode.com/components/command-processor.js:12561)
... Removed 28 stack frames
</div> <!-- stack-trace -->
                </div> <!-- method-content -->
              </div> <!-- method -->
              <div class="method">
                <div class="method-content">
                  <a name="testorder([#document: null])">
                  </a> <!-- testorder([#document: null]) -->
                  <span class="method-name">testorder</span>
                  <span class="parameters">([#document: null])</span>
                  <div class="stack-trace">org.openqa.selenium.NoSuchElementException: Unable to locate element: {&quot;method&quot;:&quot;xpath&quot;,&quot;selector&quot;:&quot;.//*[@id=&apos;app&apos;]/div/div[2]/div[1]/div[1]/div[1]/form/div[1]/div/a&quot;}
Command duration or timeout: 13 milliseconds
For documentation on this error, please visit: http://seleniumhq.org/exceptions/no_such_element.html
Build info: version: &apos;2.52.0&apos;, revision: &apos;4c2593c&apos;, time: &apos;2016-02-11 19:03:33&apos;
System info: host: &apos;USER-20160327TR&apos;, ip: &apos;192.168.163.1&apos;, os.name: &apos;Windows 7&apos;, os.arch: &apos;amd64&apos;, os.version: &apos;6.1&apos;, java.version: &apos;1.7.0_79&apos;
*** Element info: {Using=xpath, value=.//*[@id=&apos;app&apos;]/div/div[2]/div[1]/div[1]/div[1]/form/div[1]/div/a}
Session ID: e1048109-cba5-4005-9e76-72b81ef0e6cc
Driver info: org.openqa.selenium.firefox.FirefoxDriver
Capabilities [{platform=WINDOWS, acceptSslCerts=true, javascriptEnabled=true, cssSelectorsEnabled=true, databaseEnabled=true, browserName=firefox, handlesAlerts=true, nativeEvents=false, webStorageEnabled=true, rotatable=false, locationContextEnabled=true, applicationCacheEnabled=true, takesScreenshot=true, version=45.0.2}]
	at org.openqa.selenium.remote.ErrorHandler.createThrowable(ErrorHandler.java:206)
	at org.openqa.selenium.remote.ErrorHandler.throwIfResponseFailed(ErrorHandler.java:158)
	at org.openqa.selenium.remote.RemoteWebDriver.execute(RemoteWebDriver.java:678)
	at org.openqa.selenium.remote.RemoteWebDriver.findElement(RemoteWebDriver.java:363)
	at org.openqa.selenium.remote.RemoteWebDriver.findElementByXPath(RemoteWebDriver.java:500)
	at org.openqa.selenium.By$ByXPath.findElement(By.java:361)
	at org.openqa.selenium.remote.RemoteWebDriver.findElement(RemoteWebDriver.java:355)
	at commonfunction.CommonFunctions.clickitem(CommonFunctions.java:108)
	at commonfunction.CommonFunctions.login(CommonFunctions.java:221)
	at testcases.Order.testorder(Order.java:37)
Caused by: org.openqa.selenium.NoSuchElementException: Unable to locate element: {&quot;method&quot;:&quot;xpath&quot;,&quot;selector&quot;:&quot;.//*[@id=&apos;app&apos;]/div/div[2]/div[1]/div[1]/div[1]/form/div[1]/div/a&quot;}
For documentation on this error, please visit: http://seleniumhq.org/exceptions/no_such_element.html
Build info: version: &apos;2.52.0&apos;, revision: &apos;4c2593c&apos;, time: &apos;2016-02-11 19:03:33&apos;
System info: host: &apos;USER-20160327TR&apos;, ip: &apos;192.168.163.1&apos;, os.name: &apos;Windows 7&apos;, os.arch: &apos;amd64&apos;, os.version: &apos;6.1&apos;, java.version: &apos;1.7.0_79&apos;
Driver info: driver.version: unknown
	at &lt;anonymous class&gt;.FirefoxDriver.prototype.findElementInternal_(file:///C:/Users/ADMINI~1/AppData/Local/Temp/anonymous8552129282653075866webdriver-profile/extensions/fxdriver@googlecode.com/components/driver-component.js:10723)
	at &lt;anonymous class&gt;.FirefoxDriver.prototype.findElement(file:///C:/Users/ADMINI~1/AppData/Local/Temp/anonymous8552129282653075866webdriver-profile/extensions/fxdriver@googlecode.com/components/driver-component.js:10732)
	at &lt;anonymous class&gt;.DelayedCommand.prototype.executeInternal_/h(file:///C:/Users/ADMINI~1/AppData/Local/Temp/anonymous8552129282653075866webdriver-profile/extensions/fxdriver@googlecode.com/components/command-processor.js:12614)
	at &lt;anonymous class&gt;.DelayedCommand.prototype.executeInternal_(file:///C:/Users/ADMINI~1/AppData/Local/Temp/anonymous8552129282653075866webdriver-profile/extensions/fxdriver@googlecode.com/components/command-processor.js:12619)
	at &lt;anonymous class&gt;.DelayedCommand.prototype.execute/&lt;(file:///C:/Users/ADMINI~1/AppData/Local/Temp/anonymous8552129282653075866webdriver-profile/extensions/fxdriver@googlecode.com/components/command-processor.js:12561)
... Removed 28 stack frames
</div> <!-- stack-trace -->
                </div> <!-- method-content -->
              </div> <!-- method -->
              <div class="method">
                <div class="method-content">
                  <a name="testorder([#document: null])">
                  </a> <!-- testorder([#document: null]) -->
                  <span class="method-name">testorder</span>
                  <span class="parameters">([#document: null])</span>
                  <div class="stack-trace">org.junit.ComparisonFailure: expected:&lt;我的收银台[1]&gt; but was:&lt;我的收银台[]&gt;
	at org.junit.Assert.assertEquals(Assert.java:115)
	at org.junit.Assert.assertEquals(Assert.java:144)
	at commonfunction.CommonFunctions.checkequal(CommonFunctions.java:192)
	at testcases.Order.testorder(Order.java:68)
... Removed 24 stack frames
</div> <!-- stack-trace -->
                </div> <!-- method-content -->
              </div> <!-- method -->
            </div> <!-- main-panel-content rounded-window-bottom -->
          </div> <!-- suite-Suite-class-skipped -->
          <div class="suite-Suite-class-skipped">
            <div class="main-panel-header rounded-window-top">
              <img src="skipped.png"/>
              <span class="class-name">testcases.Login</span>
            </div> <!-- main-panel-header rounded-window-top -->
            <div class="main-panel-content rounded-window-bottom">
              <div class="method">
                <div class="method-content">
                  <a name="testlogin([#document: null])">
                  </a> <!-- testlogin([#document: null]) -->
                  <span class="method-name">testlogin</span>
                  <span class="parameters">([#document: null])</span>
                  <div class="stack-trace">org.junit.ComparisonFailure: expected:&lt;[aa]&gt; but was:&lt;[login]&gt;
	at org.junit.Assert.assertEquals(Assert.java:115)
	at org.junit.Assert.assertEquals(Assert.java:144)
	at commonfunction.CommonFunctions.checkequal(CommonFunctions.java:192)
	at testcases.Login.testlogin(Login.java:36)
... Removed 24 stack frames
</div> <!-- stack-trace -->
                </div> <!-- method-content -->
              </div> <!-- method -->
              <div class="method">
                <div class="method-content">
                  <a name="testlogin([#document: null])">
                  </a> <!-- testlogin([#document: null]) -->
                  <span class="method-name">testlogin</span>
                  <span class="parameters">([#document: null])</span>
                  <div class="stack-trace">org.junit.ComparisonFailure: expected:&lt;[aa]&gt; but was:&lt;[login]&gt;
	at org.junit.Assert.assertEquals(Assert.java:115)
	at org.junit.Assert.assertEquals(Assert.java:144)
	at commonfunction.CommonFunctions.checkequal(CommonFunctions.java:192)
	at testcases.Login.testlogin(Login.java:36)
... Removed 24 stack frames
</div> <!-- stack-trace -->
                </div> <!-- method-content -->
              </div> <!-- method -->
              <div class="method">
                <div class="method-content">
                  <a name="testlogin([#document: null])">
                  </a> <!-- testlogin([#document: null]) -->
                  <span class="method-name">testlogin</span>
                  <span class="parameters">([#document: null])</span>
                  <div class="stack-trace">org.junit.ComparisonFailure: expected:&lt;[aa]&gt; but was:&lt;[login]&gt;
	at org.junit.Assert.assertEquals(Assert.java:115)
	at org.junit.Assert.assertEquals(Assert.java:144)
	at commonfunction.CommonFunctions.checkequal(CommonFunctions.java:192)
	at testcases.Login.testlogin(Login.java:36)
... Removed 24 stack frames
</div> <!-- stack-trace -->
                </div> <!-- method-content -->
              </div> <!-- method -->
            </div> <!-- main-panel-content rounded-window-bottom -->
          </div> <!-- suite-Suite-class-skipped -->
          <div class="suite-Suite-class-skipped">
            <div class="main-panel-header rounded-window-top">
              <img src="skipped.png"/>
              <span class="class-name">testcases.ResetPwd</span>
            </div> <!-- main-panel-header rounded-window-top -->
            <div class="main-panel-content rounded-window-bottom">
              <div class="method">
                <div class="method-content">
                  <a name="testresetpwd([#document: null])">
                  </a> <!-- testresetpwd([#document: null]) -->
                  <span class="method-name">testresetpwd</span>
                  <span class="parameters">([#document: null])</span>
                  <div class="stack-trace">org.openqa.selenium.NoSuchElementException: Unable to locate element: {&quot;method&quot;:&quot;xpath&quot;,&quot;selector&quot;:&quot;.//*[@id=&apos;app&apos;]/div/div[2]/div[1]/div[1]/div[1]/form/div[1]/div/a&quot;}
Command duration or timeout: 14 milliseconds
For documentation on this error, please visit: http://seleniumhq.org/exceptions/no_such_element.html
Build info: version: &apos;2.52.0&apos;, revision: &apos;4c2593c&apos;, time: &apos;2016-02-11 19:03:33&apos;
System info: host: &apos;USER-20160327TR&apos;, ip: &apos;192.168.163.1&apos;, os.name: &apos;Windows 7&apos;, os.arch: &apos;amd64&apos;, os.version: &apos;6.1&apos;, java.version: &apos;1.7.0_79&apos;
*** Element info: {Using=xpath, value=.//*[@id=&apos;app&apos;]/div/div[2]/div[1]/div[1]/div[1]/form/div[1]/div/a}
Session ID: 363d52f9-83c3-4a7d-bbd6-871d2ccfcdd0
Driver info: org.openqa.selenium.firefox.FirefoxDriver
Capabilities [{platform=WINDOWS, acceptSslCerts=true, javascriptEnabled=true, cssSelectorsEnabled=true, databaseEnabled=true, browserName=firefox, handlesAlerts=true, nativeEvents=false, webStorageEnabled=true, rotatable=false, locationContextEnabled=true, applicationCacheEnabled=true, takesScreenshot=true, version=45.0.2}]
	at org.openqa.selenium.remote.ErrorHandler.createThrowable(ErrorHandler.java:206)
	at org.openqa.selenium.remote.ErrorHandler.throwIfResponseFailed(ErrorHandler.java:158)
	at org.openqa.selenium.remote.RemoteWebDriver.execute(RemoteWebDriver.java:678)
	at org.openqa.selenium.remote.RemoteWebDriver.findElement(RemoteWebDriver.java:363)
	at org.openqa.selenium.remote.RemoteWebDriver.findElementByXPath(RemoteWebDriver.java:500)
	at org.openqa.selenium.By$ByXPath.findElement(By.java:361)
	at org.openqa.selenium.remote.RemoteWebDriver.findElement(RemoteWebDriver.java:355)
	at commonfunction.CommonFunctions.clickitem(CommonFunctions.java:108)
	at testcases.ResetPwd.testresetpwd(ResetPwd.java:32)
Caused by: org.openqa.selenium.NoSuchElementException: Unable to locate element: {&quot;method&quot;:&quot;xpath&quot;,&quot;selector&quot;:&quot;.//*[@id=&apos;app&apos;]/div/div[2]/div[1]/div[1]/div[1]/form/div[1]/div/a&quot;}
For documentation on this error, please visit: http://seleniumhq.org/exceptions/no_such_element.html
Build info: version: &apos;2.52.0&apos;, revision: &apos;4c2593c&apos;, time: &apos;2016-02-11 19:03:33&apos;
System info: host: &apos;USER-20160327TR&apos;, ip: &apos;192.168.163.1&apos;, os.name: &apos;Windows 7&apos;, os.arch: &apos;amd64&apos;, os.version: &apos;6.1&apos;, java.version: &apos;1.7.0_79&apos;
Driver info: driver.version: unknown
	at &lt;anonymous class&gt;.FirefoxDriver.prototype.findElementInternal_(file:///C:/Users/ADMINI~1/AppData/Local/Temp/anonymous4718649438406278890webdriver-profile/extensions/fxdriver@googlecode.com/components/driver-component.js:10723)
	at &lt;anonymous class&gt;.FirefoxDriver.prototype.findElement(file:///C:/Users/ADMINI~1/AppData/Local/Temp/anonymous4718649438406278890webdriver-profile/extensions/fxdriver@googlecode.com/components/driver-component.js:10732)
	at &lt;anonymous class&gt;.DelayedCommand.prototype.executeInternal_/h(file:///C:/Users/ADMINI~1/AppData/Local/Temp/anonymous4718649438406278890webdriver-profile/extensions/fxdriver@googlecode.com/components/command-processor.js:12614)
	at &lt;anonymous class&gt;.DelayedCommand.prototype.executeInternal_(file:///C:/Users/ADMINI~1/AppData/Local/Temp/anonymous4718649438406278890webdriver-profile/extensions/fxdriver@googlecode.com/components/command-processor.js:12619)
	at &lt;anonymous class&gt;.DelayedCommand.prototype.execute/&lt;(file:///C:/Users/ADMINI~1/AppData/Local/Temp/anonymous4718649438406278890webdriver-profile/extensions/fxdriver@googlecode.com/components/command-processor.js:12561)
... Removed 28 stack frames
</div> <!-- stack-trace -->
                </div> <!-- method-content -->
              </div> <!-- method -->
              <div class="method">
                <div class="method-content">
                  <a name="testresetpwd([#document: null])">
                  </a> <!-- testresetpwd([#document: null]) -->
                  <span class="method-name">testresetpwd</span>
                  <span class="parameters">([#document: null])</span>
                  <div class="stack-trace">org.openqa.selenium.NoSuchElementException: Unable to locate element: {&quot;method&quot;:&quot;xpath&quot;,&quot;selector&quot;:&quot;.//*[@id=&apos;app&apos;]/div/div[2]/div[1]/div[1]/div[1]/form/div[1]/div/a&quot;}
Command duration or timeout: 10 milliseconds
For documentation on this error, please visit: http://seleniumhq.org/exceptions/no_such_element.html
Build info: version: &apos;2.52.0&apos;, revision: &apos;4c2593c&apos;, time: &apos;2016-02-11 19:03:33&apos;
System info: host: &apos;USER-20160327TR&apos;, ip: &apos;192.168.163.1&apos;, os.name: &apos;Windows 7&apos;, os.arch: &apos;amd64&apos;, os.version: &apos;6.1&apos;, java.version: &apos;1.7.0_79&apos;
*** Element info: {Using=xpath, value=.//*[@id=&apos;app&apos;]/div/div[2]/div[1]/div[1]/div[1]/form/div[1]/div/a}
Session ID: 363d52f9-83c3-4a7d-bbd6-871d2ccfcdd0
Driver info: org.openqa.selenium.firefox.FirefoxDriver
Capabilities [{platform=WINDOWS, acceptSslCerts=true, javascriptEnabled=true, cssSelectorsEnabled=true, databaseEnabled=true, browserName=firefox, handlesAlerts=true, nativeEvents=false, webStorageEnabled=true, rotatable=false, locationContextEnabled=true, applicationCacheEnabled=true, takesScreenshot=true, version=45.0.2}]
	at org.openqa.selenium.remote.ErrorHandler.createThrowable(ErrorHandler.java:206)
	at org.openqa.selenium.remote.ErrorHandler.throwIfResponseFailed(ErrorHandler.java:158)
	at org.openqa.selenium.remote.RemoteWebDriver.execute(RemoteWebDriver.java:678)
	at org.openqa.selenium.remote.RemoteWebDriver.findElement(RemoteWebDriver.java:363)
	at org.openqa.selenium.remote.RemoteWebDriver.findElementByXPath(RemoteWebDriver.java:500)
	at org.openqa.selenium.By$ByXPath.findElement(By.java:361)
	at org.openqa.selenium.remote.RemoteWebDriver.findElement(RemoteWebDriver.java:355)
	at commonfunction.CommonFunctions.clickitem(CommonFunctions.java:108)
	at testcases.ResetPwd.testresetpwd(ResetPwd.java:32)
Caused by: org.openqa.selenium.NoSuchElementException: Unable to locate element: {&quot;method&quot;:&quot;xpath&quot;,&quot;selector&quot;:&quot;.//*[@id=&apos;app&apos;]/div/div[2]/div[1]/div[1]/div[1]/form/div[1]/div/a&quot;}
For documentation on this error, please visit: http://seleniumhq.org/exceptions/no_such_element.html
Build info: version: &apos;2.52.0&apos;, revision: &apos;4c2593c&apos;, time: &apos;2016-02-11 19:03:33&apos;
System info: host: &apos;USER-20160327TR&apos;, ip: &apos;192.168.163.1&apos;, os.name: &apos;Windows 7&apos;, os.arch: &apos;amd64&apos;, os.version: &apos;6.1&apos;, java.version: &apos;1.7.0_79&apos;
Driver info: driver.version: unknown
	at &lt;anonymous class&gt;.FirefoxDriver.prototype.findElementInternal_(file:///C:/Users/ADMINI~1/AppData/Local/Temp/anonymous4718649438406278890webdriver-profile/extensions/fxdriver@googlecode.com/components/driver-component.js:10723)
	at &lt;anonymous class&gt;.FirefoxDriver.prototype.findElement(file:///C:/Users/ADMINI~1/AppData/Local/Temp/anonymous4718649438406278890webdriver-profile/extensions/fxdriver@googlecode.com/components/driver-component.js:10732)
	at &lt;anonymous class&gt;.DelayedCommand.prototype.executeInternal_/h(file:///C:/Users/ADMINI~1/AppData/Local/Temp/anonymous4718649438406278890webdriver-profile/extensions/fxdriver@googlecode.com/components/command-processor.js:12614)
	at &lt;anonymous class&gt;.DelayedCommand.prototype.executeInternal_(file:///C:/Users/ADMINI~1/AppData/Local/Temp/anonymous4718649438406278890webdriver-profile/extensions/fxdriver@googlecode.com/components/command-processor.js:12619)
	at &lt;anonymous class&gt;.DelayedCommand.prototype.execute/&lt;(file:///C:/Users/ADMINI~1/AppData/Local/Temp/anonymous4718649438406278890webdriver-profile/extensions/fxdriver@googlecode.com/components/command-processor.js:12561)
... Removed 28 stack frames
</div> <!-- stack-trace -->
                </div> <!-- method-content -->
              </div> <!-- method -->
              <div class="method">
                <div class="method-content">
                  <a name="testresetpwd([#document: null])">
                  </a> <!-- testresetpwd([#document: null]) -->
                  <span class="method-name">testresetpwd</span>
                  <span class="parameters">([#document: null])</span>
                  <div class="stack-trace">org.junit.ComparisonFailure: expected:&lt;[密码重置成功,请登录]&gt; but was:&lt;[短信验证码错误]&gt;
	at org.junit.Assert.assertEquals(Assert.java:115)
	at org.junit.Assert.assertEquals(Assert.java:144)
	at commonfunction.CommonFunctions.checkequal(CommonFunctions.java:192)
	at testcases.ResetPwd.testresetpwd(ResetPwd.java:53)
... Removed 24 stack frames
</div> <!-- stack-trace -->
                </div> <!-- method-content -->
              </div> <!-- method -->
            </div> <!-- main-panel-content rounded-window-bottom -->
          </div> <!-- suite-Suite-class-skipped -->
          <div class="suite-Suite-class-passed">
            <div class="main-panel-header rounded-window-top">
              <img src="passed.png"/>
              <span class="class-name">testcases.CancelOrder</span>
            </div> <!-- main-panel-header rounded-window-top -->
            <div class="main-panel-content rounded-window-bottom">
              <div class="method">
                <div class="method-content">
                  <a name="testcancelorder([#document: null])">
                  </a> <!-- testcancelorder([#document: null]) -->
                  <span class="method-name">testcancelorder</span>
                  <span class="parameters">([#document: null])</span>
                </div> <!-- method-content -->
              </div> <!-- method -->
            </div> <!-- main-panel-content rounded-window-bottom -->
          </div> <!-- suite-Suite-class-passed -->
          <div class="suite-Suite-class-passed">
            <div class="main-panel-header rounded-window-top">
              <img src="passed.png"/>
              <span class="class-name">testcases.DupRegister</span>
            </div> <!-- main-panel-header rounded-window-top -->
            <div class="main-panel-content rounded-window-bottom">
              <div class="method">
                <div class="method-content">
                  <a name="testdupreg([#document: null])">
                  </a> <!-- testdupreg([#document: null]) -->
                  <span class="method-name">testdupreg</span>
                  <span class="parameters">([#document: null])</span>
                </div> <!-- method-content -->
              </div> <!-- method -->
            </div> <!-- main-panel-content rounded-window-bottom -->
          </div> <!-- suite-Suite-class-passed -->
          <div class="suite-Suite-class-passed">
            <div class="main-panel-header rounded-window-top">
              <img src="passed.png"/>
              <span class="class-name">testcases.Register</span>
            </div> <!-- main-panel-header rounded-window-top -->
            <div class="main-panel-content rounded-window-bottom">
              <div class="method">
                <div class="method-content">
                  <a name="testreg([#document: null])">
                  </a> <!-- testreg([#document: null]) -->
                  <span class="method-name">testreg</span>
                  <span class="parameters">([#document: null])</span>
                </div> <!-- method-content -->
              </div> <!-- method -->
            </div> <!-- main-panel-content rounded-window-bottom -->
          </div> <!-- suite-Suite-class-passed -->
          <div class="suite-Suite-class-passed">
            <div class="main-panel-header rounded-window-top">
              <img src="passed.png"/>
              <span class="class-name">testcases.ErrMRegister</span>
            </div> <!-- main-panel-header rounded-window-top -->
            <div class="main-panel-content rounded-window-bottom">
              <div class="method">
                <div class="method-content">
                  <a name="testerrmreg([#document: null])">
                  </a> <!-- testerrmreg([#document: null]) -->
                  <span class="method-name">testerrmreg</span>
                  <span class="parameters">([#document: null])</span>
                </div> <!-- method-content -->
              </div> <!-- method -->
            </div> <!-- main-panel-content rounded-window-bottom -->
          </div> <!-- suite-Suite-class-passed -->
          <div class="suite-Suite-class-passed">
            <div class="main-panel-header rounded-window-top">
              <img src="passed.png"/>
              <span class="class-name">testcases.CancelPay</span>
            </div> <!-- main-panel-header rounded-window-top -->
            <div class="main-panel-content rounded-window-bottom">
              <div class="method">
                <div class="method-content">
                  <a name="testcancelpay([#document: null])">
                  </a> <!-- testcancelpay([#document: null]) -->
                  <span class="method-name">testcancelpay</span>
                  <span class="parameters">([#document: null])</span>
                </div> <!-- method-content -->
              </div> <!-- method -->
            </div> <!-- main-panel-content rounded-window-bottom -->
          </div> <!-- suite-Suite-class-passed -->
          <div class="suite-Suite-class-passed">
            <div class="main-panel-header rounded-window-top">
              <img src="passed.png"/>
              <span class="class-name">testcases.ModifyData</span>
            </div> <!-- main-panel-header rounded-window-top -->
            <div class="main-panel-content rounded-window-bottom">
              <div class="method">
                <div class="method-content">
                  <a name="testmodifydata([#document: null])">
                  </a> <!-- testmodifydata([#document: null]) -->
                  <span class="method-name">testmodifydata</span>
                  <span class="parameters">([#document: null])</span>
                </div> <!-- method-content -->
              </div> <!-- method -->
            </div> <!-- main-panel-content rounded-window-bottom -->
          </div> <!-- suite-Suite-class-passed -->
          <div class="suite-Suite-class-passed">
            <div class="main-panel-header rounded-window-top">
              <img src="passed.png"/>
              <span class="class-name">testcases.ModifyPwd</span>
            </div> <!-- main-panel-header rounded-window-top -->
            <div class="main-panel-content rounded-window-bottom">
              <div class="method">
                <div class="method-content">
                  <a name="testmodifypwd([#document: null])">
                  </a> <!-- testmodifypwd([#document: null]) -->
                  <span class="method-name">testmodifypwd</span>
                  <span class="parameters">([#document: null])</span>
                </div> <!-- method-content -->
              </div> <!-- method -->
            </div> <!-- main-panel-content rounded-window-bottom -->
          </div> <!-- suite-Suite-class-passed -->
          <div class="suite-Suite-class-passed">
            <div class="main-panel-header rounded-window-top">
              <img src="passed.png"/>
              <span class="class-name">testcases.Pay</span>
            </div> <!-- main-panel-header rounded-window-top -->
            <div class="main-panel-content rounded-window-bottom">
              <div class="method">
                <div class="method-content">
                  <a name="testpay([#document: null])">
                  </a> <!-- testpay([#document: null]) -->
                  <span class="method-name">testpay</span>
                  <span class="parameters">([#document: null])</span>
                </div> <!-- method-content -->
              </div> <!-- method -->
            </div> <!-- main-panel-content rounded-window-bottom -->
          </div> <!-- suite-Suite-class-passed -->
          <div class="suite-Suite-class-passed">
            <div class="main-panel-header rounded-window-top">
              <img src="passed.png"/>
              <span class="class-name">testcases.LoginFail</span>
            </div> <!-- main-panel-header rounded-window-top -->
            <div class="main-panel-content rounded-window-bottom">
              <div class="method">
                <div class="method-content">
                  <a name="testloginfail([#document: null])">
                  </a> <!-- testloginfail([#document: null]) -->
                  <span class="method-name">testloginfail</span>
                  <span class="parameters">([#document: null])</span>
                </div> <!-- method-content -->
              </div> <!-- method -->
            </div> <!-- main-panel-content rounded-window-bottom -->
          </div> <!-- suite-Suite-class-passed -->
          <div class="suite-Suite-class-passed">
            <div class="main-panel-header rounded-window-top">
              <img src="passed.png"/>
              <span class="class-name">testcases.PrintShop</span>
            </div> <!-- main-panel-header rounded-window-top -->
            <div class="main-panel-content rounded-window-bottom">
              <div class="method">
                <div class="method-content">
                  <a name="testprint([#document: null])">
                  </a> <!-- testprint([#document: null]) -->
                  <span class="method-name">testprint</span>
                  <span class="parameters">([#document: null])</span>
                </div> <!-- method-content -->
              </div> <!-- method -->
            </div> <!-- main-panel-content rounded-window-bottom -->
          </div> <!-- suite-Suite-class-passed -->
          <div class="suite-Suite-class-passed">
            <div class="main-panel-header rounded-window-top">
              <img src="passed.png"/>
              <span class="class-name">testcases.ErrPRegister</span>
            </div> <!-- main-panel-header rounded-window-top -->
            <div class="main-panel-content rounded-window-bottom">
              <div class="method">
                <div class="method-content">
                  <a name="testerrpreg([#document: null])">
                  </a> <!-- testerrpreg([#document: null]) -->
                  <span class="method-name">testerrpreg</span>
                  <span class="parameters">([#document: null])</span>
                </div> <!-- method-content -->
              </div> <!-- method -->
            </div> <!-- main-panel-content rounded-window-bottom -->
          </div> <!-- suite-Suite-class-passed -->
        </div> <!-- panel Suite -->
        <div panel-name="test-xml-Suite" class="panel">
          <div class="main-panel-header rounded-window-top">
            <span class="header-content">D:\workspace4javaee\TestNGdemo\testng.xml</span>
          </div> <!-- main-panel-header rounded-window-top -->
          <div class="main-panel-content rounded-window-bottom">
            <pre>
&lt;?xml version=&quot;1.0&quot; encoding=&quot;UTF-8&quot;?&gt;
&lt;!DOCTYPE suite SYSTEM &quot;http://testng.org/testng-1.0.dtd&quot;&gt;
&lt;suite guice-stage=&quot;DEVELOPMENT&quot; name=&quot;Suite&quot;&gt;
  &lt;listeners&gt;
    &lt;listener class-name=&quot;commonfunction.RetryListener&quot;/&gt;
  &lt;/listeners&gt;
  &lt;test name=&quot;Login&quot;&gt;
    &lt;classes&gt;
      &lt;class name=&quot;testcases.Login&quot;/&gt;
    &lt;/classes&gt;
  &lt;/test&gt; &lt;!-- Login --&gt;
  &lt;test name=&quot;Register&quot;&gt;
    &lt;classes&gt;
      &lt;class name=&quot;testcases.Register&quot;/&gt;
    &lt;/classes&gt;
  &lt;/test&gt; &lt;!-- Register --&gt;
  &lt;test name=&quot;Order&quot;&gt;
    &lt;classes&gt;
      &lt;class name=&quot;testcases.Order&quot;/&gt;
    &lt;/classes&gt;
  &lt;/test&gt; &lt;!-- Order --&gt;
  &lt;test name=&quot;CancelOrder&quot;&gt;
    &lt;classes&gt;
      &lt;class name=&quot;testcases.CancelOrder&quot;/&gt;
    &lt;/classes&gt;
  &lt;/test&gt; &lt;!-- CancelOrder --&gt;
  &lt;test name=&quot;PrintShop&quot;&gt;
    &lt;classes&gt;
      &lt;class name=&quot;testcases.PrintShop&quot;/&gt;
    &lt;/classes&gt;
  &lt;/test&gt; &lt;!-- PrintShop --&gt;
  &lt;test name=&quot;ModifyData&quot;&gt;
    &lt;classes&gt;
      &lt;class name=&quot;testcases.ModifyData&quot;/&gt;
    &lt;/classes&gt;
  &lt;/test&gt; &lt;!-- ModifyData --&gt;
  &lt;test name=&quot;DupRegister&quot;&gt;
    &lt;classes&gt;
      &lt;class name=&quot;testcases.DupRegister&quot;/&gt;
    &lt;/classes&gt;
  &lt;/test&gt; &lt;!-- DupRegister --&gt;
  &lt;test name=&quot;ErrPRegister&quot;&gt;
    &lt;classes&gt;
      &lt;class name=&quot;testcases.ErrPRegister&quot;/&gt;
    &lt;/classes&gt;
  &lt;/test&gt; &lt;!-- ErrPRegister --&gt;
  &lt;test name=&quot;ErrMRegister&quot;&gt;
    &lt;classes&gt;
      &lt;class name=&quot;testcases.ErrMRegister&quot;/&gt;
    &lt;/classes&gt;
  &lt;/test&gt; &lt;!-- ErrMRegister --&gt;
  &lt;test name=&quot;LoginFail&quot;&gt;
    &lt;classes&gt;
      &lt;class name=&quot;testcases.LoginFail&quot;/&gt;
    &lt;/classes&gt;
  &lt;/test&gt; &lt;!-- LoginFail --&gt;
  &lt;test name=&quot;ResetPwd&quot;&gt;
    &lt;classes&gt;
      &lt;class name=&quot;testcases.ResetPwd&quot;/&gt;
    &lt;/classes&gt;
  &lt;/test&gt; &lt;!-- ResetPwd --&gt;
  &lt;test name=&quot;ModifyPwd&quot;&gt;
    &lt;classes&gt;
      &lt;class name=&quot;testcases.ModifyPwd&quot;/&gt;
    &lt;/classes&gt;
  &lt;/test&gt; &lt;!-- ModifyPwd --&gt;
  &lt;test name=&quot;Pay&quot;&gt;
    &lt;classes&gt;
      &lt;class name=&quot;testcases.Pay&quot;/&gt;
    &lt;/classes&gt;
  &lt;/test&gt; &lt;!-- Pay --&gt;
  &lt;test name=&quot;CancelPay&quot;&gt;
    &lt;classes&gt;
      &lt;class name=&quot;testcases.CancelPay&quot;/&gt;
    &lt;/classes&gt;
  &lt;/test&gt; &lt;!-- CancelPay --&gt;
&lt;/suite&gt; &lt;!-- Suite --&gt;
            </pre>
          </div> <!-- main-panel-content rounded-window-bottom -->
        </div> <!-- panel -->
        <div panel-name="testlist-Suite" class="panel">
          <div class="main-panel-header rounded-window-top">
            <span class="header-content">Tests for Suite</span>
          </div> <!-- main-panel-header rounded-window-top -->
          <div class="main-panel-content rounded-window-bottom">
            <ul>
              <li>
                <span class="test-name">Login (1 class)</span>
              </li>
              <li>
                <span class="test-name">Register (1 class)</span>
              </li>
              <li>
                <span class="test-name">Order (1 class)</span>
              </li>
              <li>
                <span class="test-name">CancelOrder (1 class)</span>
              </li>
              <li>
                <span class="test-name">PrintShop (1 class)</span>
              </li>
              <li>
                <span class="test-name">ModifyData (1 class)</span>
              </li>
              <li>
                <span class="test-name">DupRegister (1 class)</span>
              </li>
              <li>
                <span class="test-name">ErrPRegister (1 class)</span>
              </li>
              <li>
                <span class="test-name">ErrMRegister (1 class)</span>
              </li>
              <li>
                <span class="test-name">LoginFail (1 class)</span>
              </li>
              <li>
                <span class="test-name">ResetPwd (1 class)</span>
              </li>
              <li>
                <span class="test-name">ModifyPwd (1 class)</span>
              </li>
              <li>
                <span class="test-name">Pay (1 class)</span>
              </li>
              <li>
                <span class="test-name">CancelPay (1 class)</span>
              </li>
            </ul>
          </div> <!-- main-panel-content rounded-window-bottom -->
        </div> <!-- panel -->
        <div panel-name="group-Suite" class="panel">
          <div class="main-panel-header rounded-window-top">
            <span class="header-content">Groups for Suite</span>
          </div> <!-- main-panel-header rounded-window-top -->
          <div class="main-panel-content rounded-window-bottom">
          </div> <!-- main-panel-content rounded-window-bottom -->
        </div> <!-- panel -->
        <div panel-name="times-Suite" class="panel">
          <div class="main-panel-header rounded-window-top">
            <span class="header-content">Times for Suite</span>
          </div> <!-- main-panel-header rounded-window-top -->
          <div class="main-panel-content rounded-window-bottom">
            <div class="times-div">
              <script type="text/javascript">
suiteTableInitFunctions.push('tableData_Suite');
function tableData_Suite() {
var data = new google.visualization.DataTable();
data.addColumn('number', 'Number');
data.addColumn('string', 'Method');
data.addColumn('string', 'Class');
data.addColumn('number', 'Time (ms)');
data.addRows(23);
data.setCell(0, 0, 0)
data.setCell(0, 1, 'testorder')
data.setCell(0, 2, 'testcases.Order')
data.setCell(0, 3, 60626);
data.setCell(1, 0, 1)
data.setCell(1, 1, 'testmodifydata')
data.setCell(1, 2, 'testcases.ModifyData')
data.setCell(1, 3, 35347);
data.setCell(2, 0, 2)
data.setCell(2, 1, 'testpay')
data.setCell(2, 2, 'testcases.Pay')
data.setCell(2, 3, 33090);
data.setCell(3, 0, 3)
data.setCell(3, 1, 'testcancelorder')
data.setCell(3, 2, 'testcases.CancelOrder')
data.setCell(3, 3, 24206);
data.setCell(4, 0, 4)
data.setCell(4, 1, 'testcancelpay')
data.setCell(4, 2, 'testcases.CancelPay')
data.setCell(4, 3, 22513);
data.setCell(5, 0, 5)
data.setCell(5, 1, 'testmodifypwd')
data.setCell(5, 2, 'testcases.ModifyPwd')
data.setCell(5, 3, 17090);
data.setCell(6, 0, 6)
data.setCell(6, 1, 'testprint')
data.setCell(6, 2, 'testcases.PrintShop')
data.setCell(6, 3, 11046);
data.setCell(7, 0, 7)
data.setCell(7, 1, 'testresetpwd')
data.setCell(7, 2, 'testcases.ResetPwd')
data.setCell(7, 3, 8333);
data.setCell(8, 0, 8)
data.setCell(8, 1, 'testlogin')
data.setCell(8, 2, 'testcases.Login')
data.setCell(8, 3, 7652);
data.setCell(9, 0, 9)
data.setCell(9, 1, 'testloginfail')
data.setCell(9, 2, 'testcases.LoginFail')
data.setCell(9, 3, 7224);
data.setCell(10, 0, 10)
data.setCell(10, 1, 'testlogin')
data.setCell(10, 2, 'testcases.Login')
data.setCell(10, 3, 6861);
data.setCell(11, 0, 11)
data.setCell(11, 1, 'testlogin')
data.setCell(11, 2, 'testcases.Login')
data.setCell(11, 3, 6709);
data.setCell(12, 0, 12)
data.setCell(12, 1, 'testlogin')
data.setCell(12, 2, 'testcases.Login')
data.setCell(12, 3, 6643);
data.setCell(13, 0, 13)
data.setCell(13, 1, 'testreg')
data.setCell(13, 2, 'testcases.Register')
data.setCell(13, 3, 2345);
data.setCell(14, 0, 14)
data.setCell(14, 1, 'testerrmreg')
data.setCell(14, 2, 'testcases.ErrMRegister')
data.setCell(14, 3, 2315);
data.setCell(15, 0, 15)
data.setCell(15, 1, 'testerrpreg')
data.setCell(15, 2, 'testcases.ErrPRegister')
data.setCell(15, 3, 1738);
data.setCell(16, 0, 16)
data.setCell(16, 1, 'testdupreg')
data.setCell(16, 2, 'testcases.DupRegister')
data.setCell(16, 3, 1541);
data.setCell(17, 0, 17)
data.setCell(17, 1, 'testorder')
data.setCell(17, 2, 'testcases.Order')
data.setCell(17, 3, 34);
data.setCell(18, 0, 18)
data.setCell(18, 1, 'testresetpwd')
data.setCell(18, 2, 'testcases.ResetPwd')
data.setCell(18, 3, 18);
data.setCell(19, 0, 19)
data.setCell(19, 1, 'testresetpwd')
data.setCell(19, 2, 'testcases.ResetPwd')
data.setCell(19, 3, 15);
data.setCell(20, 0, 20)
data.setCell(20, 1, 'testorder')
data.setCell(20, 2, 'testcases.Order')
data.setCell(20, 3, 14);
data.setCell(21, 0, 21)
data.setCell(21, 1, 'testorder')
data.setCell(21, 2, 'testcases.Order')
data.setCell(21, 3, 14);
data.setCell(22, 0, 22)
data.setCell(22, 1, 'testresetpwd')
data.setCell(22, 2, 'testcases.ResetPwd')
data.setCell(22, 3, 11);
window.suiteTableData['Suite']= { tableData: data, tableDiv: 'times-div-Suite'}
return data;
}
              </script>
              <span class="suite-total-time">Total running time: 4 minutes</span>
              <div id="times-div-Suite">
              </div> <!-- times-div-Suite -->
            </div> <!-- times-div -->
          </div> <!-- main-panel-content rounded-window-bottom -->
        </div> <!-- panel -->
        <div panel-name="reporter-Suite" class="panel">
          <div class="main-panel-header rounded-window-top">
            <span class="header-content">Reporter output for Suite</span>
          </div> <!-- main-panel-header rounded-window-top -->
          <div class="main-panel-content rounded-window-bottom">
            <div class="reporter-method-div">
              <span class="reporter-method-name">testlogin([#document: null])</span>
              <div class="reporter-method-output-div">
                <span class="reporter-method-output">RunCount=3</span>
              </div> <!-- reporter-method-output-div -->
            </div> <!-- reporter-method-div -->
            <div class="reporter-method-div">
              <span class="reporter-method-name">testlogin([#document: null])</span>
              <div class="reporter-method-output-div">
                <span class="reporter-method-output">RunCount=2</span>
              </div> <!-- reporter-method-output-div -->
            </div> <!-- reporter-method-div -->
            <div class="reporter-method-div">
              <span class="reporter-method-name">testlogin([#document: null])</span>
              <div class="reporter-method-output-div">
                <span class="reporter-method-output">RunCount=4</span>
              </div> <!-- reporter-method-output-div -->
            </div> <!-- reporter-method-div -->
            <div class="reporter-method-div">
              <span class="reporter-method-name">testorder([#document: null])</span>
              <div class="reporter-method-output-div">
                <span class="reporter-method-output">RunCount=3</span>
              </div> <!-- reporter-method-output-div -->
            </div> <!-- reporter-method-div -->
            <div class="reporter-method-div">
              <span class="reporter-method-name">testorder([#document: null])</span>
              <div class="reporter-method-output-div">
                <span class="reporter-method-output">RunCount=4</span>
              </div> <!-- reporter-method-output-div -->
            </div> <!-- reporter-method-div -->
            <div class="reporter-method-div">
              <span class="reporter-method-name">testorder([#document: null])</span>
              <div class="reporter-method-output-div">
                <span class="reporter-method-output">RunCount=2</span>
              </div> <!-- reporter-method-output-div -->
            </div> <!-- reporter-method-div -->
            <div class="reporter-method-div">
              <span class="reporter-method-name">testresetpwd([#document: null])</span>
              <div class="reporter-method-output-div">
                <span class="reporter-method-output">RunCount=3</span>
              </div> <!-- reporter-method-output-div -->
            </div> <!-- reporter-method-div -->
            <div class="reporter-method-div">
              <span class="reporter-method-name">testresetpwd([#document: null])</span>
              <div class="reporter-method-output-div">
                <span class="reporter-method-output">RunCount=4</span>
              </div> <!-- reporter-method-output-div -->
            </div> <!-- reporter-method-div -->
            <div class="reporter-method-div">
              <span class="reporter-method-name">testresetpwd([#document: null])</span>
              <div class="reporter-method-output-div">
                <span class="reporter-method-output">RunCount=2</span>
              </div> <!-- reporter-method-output-div -->
            </div> <!-- reporter-method-div -->
          </div> <!-- main-panel-content rounded-window-bottom -->
        </div> <!-- panel -->
        <div panel-name="ignored-methods-Suite" class="panel">
          <div class="main-panel-header rounded-window-top">
            <span class="header-content">0 ignored methods</span>
          </div> <!-- main-panel-header rounded-window-top -->
          <div class="main-panel-content rounded-window-bottom">
          </div> <!-- main-panel-content rounded-window-bottom -->
        </div> <!-- panel -->
        <div panel-name="chronological-Suite" class="panel">
          <div class="main-panel-header rounded-window-top">
            <span class="header-content">Methods in chronological order</span>
          </div> <!-- main-panel-header rounded-window-top -->
          <div class="main-panel-content rounded-window-bottom">
            <div class="chronological-class">
              <div class="chronological-class-name">testcases.Login</div> <!-- chronological-class-name -->
              <div class="configuration-test before">
                <span class="method-name">setup</span>
                <span class="method-start">0 ms</span>
              </div> <!-- configuration-test before -->
              <div class="test-method">
                <span class="method-name">testlogin([#document: null])</span>
                <span class="method-start">10252 ms</span>
              </div> <!-- test-method -->
              <div class="test-method">
                <span class="method-name">testlogin([#document: null])</span>
                <span class="method-start">17909 ms</span>
              </div> <!-- test-method -->
              <div class="test-method">
                <span class="method-name">testlogin([#document: null])</span>
                <span class="method-start">24555 ms</span>
              </div> <!-- test-method -->
              <div class="test-method">
                <img src="failed.png">
                </img>
                <span class="method-name">testlogin([#document: null])</span>
                <span class="method-start">31418 ms</span>
              </div> <!-- test-method -->
              <div class="configuration-test after">
                <span class="method-name">teardown</span>
                <span class="method-start">38134 ms</span>
              </div> <!-- configuration-test after -->
            </div> <!-- chronological-class -->
            <div class="chronological-class">
              <div class="chronological-class-name">testcases.Register</div> <!-- chronological-class-name -->
              <div class="configuration-test before">
                <span class="method-name">beforeClass</span>
                <span class="method-start">40012 ms</span>
              </div> <!-- configuration-test before -->
              <div class="test-method">
                <span class="method-name">testreg([#document: null])</span>
                <span class="method-start">50128 ms</span>
              </div> <!-- test-method -->
              <div class="configuration-test after">
                <span class="method-name">afterClass</span>
                <span class="method-start">52474 ms</span>
              </div> <!-- configuration-test after -->
            </div> <!-- chronological-class -->
            <div class="chronological-class">
              <div class="chronological-class-name">testcases.Order</div> <!-- chronological-class-name -->
              <div class="configuration-test before">
                <span class="method-name">beforeClass</span>
                <span class="method-start">54865 ms</span>
              </div> <!-- configuration-test before -->
              <div class="test-method">
                <span class="method-name">testorder([#document: null])</span>
                <span class="method-start">65174 ms</span>
              </div> <!-- test-method -->
              <div class="test-method">
                <span class="method-name">testorder([#document: null])</span>
                <span class="method-start">125802 ms</span>
              </div> <!-- test-method -->
              <div class="test-method">
                <span class="method-name">testorder([#document: null])</span>
                <span class="method-start">125841 ms</span>
              </div> <!-- test-method -->
              <div class="test-method">
                <img src="failed.png">
                </img>
                <span class="method-name">testorder([#document: null])</span>
                <span class="method-start">125858 ms</span>
              </div> <!-- test-method -->
              <div class="configuration-test after">
                <span class="method-name">afterClass</span>
                <span class="method-start">125874 ms</span>
              </div> <!-- configuration-test after -->
            </div> <!-- chronological-class -->
            <div class="chronological-class">
              <div class="chronological-class-name">testcases.CancelOrder</div> <!-- chronological-class-name -->
              <div class="configuration-test before">
                <span class="method-name">beforeClass</span>
                <span class="method-start">127718 ms</span>
              </div> <!-- configuration-test before -->
              <div class="test-method">
                <span class="method-name">testcancelorder([#document: null])</span>
                <span class="method-start">136943 ms</span>
              </div> <!-- test-method -->
              <div class="configuration-test after">
                <span class="method-name">afterClass</span>
                <span class="method-start">161150 ms</span>
              </div> <!-- configuration-test after -->
            </div> <!-- chronological-class -->
            <div class="chronological-class">
              <div class="chronological-class-name">testcases.PrintShop</div> <!-- chronological-class-name -->
              <div class="configuration-test before">
                <span class="method-name">beforeClass</span>
                <span class="method-start">164563 ms</span>
              </div> <!-- configuration-test before -->
              <div class="test-method">
                <span class="method-name">testprint([#document: null])</span>
                <span class="method-start">174191 ms</span>
              </div> <!-- test-method -->
              <div class="configuration-test after">
                <span class="method-name">afterClass</span>
                <span class="method-start">185238 ms</span>
              </div> <!-- configuration-test after -->
            </div> <!-- chronological-class -->
            <div class="chronological-class">
              <div class="chronological-class-name">testcases.ModifyData</div> <!-- chronological-class-name -->
              <div class="configuration-test before">
                <span class="method-name">beforeClass</span>
                <span class="method-start">186956 ms</span>
              </div> <!-- configuration-test before -->
              <div class="test-method">
                <span class="method-name">testmodifydata([#document: null])</span>
                <span class="method-start">196604 ms</span>
              </div> <!-- test-method -->
              <div class="configuration-test after">
                <span class="method-name">afterClass</span>
                <span class="method-start">231952 ms</span>
              </div> <!-- configuration-test after -->
            </div> <!-- chronological-class -->
            <div class="chronological-class">
              <div class="chronological-class-name">testcases.DupRegister</div> <!-- chronological-class-name -->
              <div class="configuration-test before">
                <span class="method-name">beforeClass</span>
                <span class="method-start">234287 ms</span>
              </div> <!-- configuration-test before -->
              <div class="test-method">
                <span class="method-name">testdupreg([#document: null])</span>
                <span class="method-start">243808 ms</span>
              </div> <!-- test-method -->
              <div class="configuration-test after">
                <span class="method-name">afterClass</span>
                <span class="method-start">245350 ms</span>
              </div> <!-- configuration-test after -->
            </div> <!-- chronological-class -->
            <div class="chronological-class">
              <div class="chronological-class-name">testcases.ErrPRegister</div> <!-- chronological-class-name -->
              <div class="configuration-test before">
                <span class="method-name">beforeClass</span>
                <span class="method-start">247086 ms</span>
              </div> <!-- configuration-test before -->
              <div class="test-method">
                <span class="method-name">testerrpreg([#document: null])</span>
                <span class="method-start">256342 ms</span>
              </div> <!-- test-method -->
              <div class="configuration-test after">
                <span class="method-name">afterClass</span>
                <span class="method-start">258081 ms</span>
              </div> <!-- configuration-test after -->
            </div> <!-- chronological-class -->
            <div class="chronological-class">
              <div class="chronological-class-name">testcases.ErrMRegister</div> <!-- chronological-class-name -->
              <div class="configuration-test before">
                <span class="method-name">beforeClass</span>
                <span class="method-start">260063 ms</span>
              </div> <!-- configuration-test before -->
              <div class="test-method">
                <span class="method-name">testerrmreg([#document: null])</span>
                <span class="method-start">268890 ms</span>
              </div> <!-- test-method -->
              <div class="configuration-test after">
                <span class="method-name">afterClass</span>
                <span class="method-start">271206 ms</span>
              </div> <!-- configuration-test after -->
            </div> <!-- chronological-class -->
            <div class="chronological-class">
              <div class="chronological-class-name">testcases.LoginFail</div> <!-- chronological-class-name -->
              <div class="configuration-test before">
                <span class="method-name">setup</span>
                <span class="method-start">273104 ms</span>
              </div> <!-- configuration-test before -->
              <div class="test-method">
                <span class="method-name">testloginfail([#document: null])</span>
                <span class="method-start">282976 ms</span>
              </div> <!-- test-method -->
              <div class="configuration-test after">
                <span class="method-name">teardown</span>
                <span class="method-start">290201 ms</span>
              </div> <!-- configuration-test after -->
            </div> <!-- chronological-class -->
            <div class="chronological-class">
              <div class="chronological-class-name">testcases.ResetPwd</div> <!-- chronological-class-name -->
              <div class="configuration-test before">
                <span class="method-name">setup</span>
                <span class="method-start">291445 ms</span>
              </div> <!-- configuration-test before -->
              <div class="test-method">
                <span class="method-name">testresetpwd([#document: null])</span>
                <span class="method-start">300383 ms</span>
              </div> <!-- test-method -->
              <div class="test-method">
                <span class="method-name">testresetpwd([#document: null])</span>
                <span class="method-start">308718 ms</span>
              </div> <!-- test-method -->
              <div class="test-method">
                <span class="method-name">testresetpwd([#document: null])</span>
                <span class="method-start">308736 ms</span>
              </div> <!-- test-method -->
              <div class="test-method">
                <img src="failed.png">
                </img>
                <span class="method-name">testresetpwd([#document: null])</span>
                <span class="method-start">308749 ms</span>
              </div> <!-- test-method -->
              <div class="configuration-test after">
                <span class="method-name">teardown</span>
                <span class="method-start">308769 ms</span>
              </div> <!-- configuration-test after -->
            </div> <!-- chronological-class -->
            <div class="chronological-class">
              <div class="chronological-class-name">testcases.ModifyPwd</div> <!-- chronological-class-name -->
              <div class="configuration-test before">
                <span class="method-name">beforeClass</span>
                <span class="method-start">310844 ms</span>
              </div> <!-- configuration-test before -->
              <div class="test-method">
                <span class="method-name">testmodifypwd([#document: null])</span>
                <span class="method-start">320291 ms</span>
              </div> <!-- test-method -->
              <div class="configuration-test after">
                <span class="method-name">afterClass</span>
                <span class="method-start">337381 ms</span>
              </div> <!-- configuration-test after -->
            </div> <!-- chronological-class -->
            <div class="chronological-class">
              <div class="chronological-class-name">testcases.Pay</div> <!-- chronological-class-name -->
              <div class="configuration-test before">
                <span class="method-name">beforeClass</span>
                <span class="method-start">339713 ms</span>
              </div> <!-- configuration-test before -->
              <div class="test-method">
                <span class="method-name">testpay([#document: null])</span>
                <span class="method-start">349082 ms</span>
              </div> <!-- test-method -->
              <div class="configuration-test after">
                <span class="method-name">afterClass</span>
                <span class="method-start">382172 ms</span>
              </div> <!-- configuration-test after -->
            </div> <!-- chronological-class -->
            <div class="chronological-class">
              <div class="chronological-class-name">testcases.CancelPay</div> <!-- chronological-class-name -->
              <div class="configuration-test before">
                <span class="method-name">beforeClass</span>
                <span class="method-start">384485 ms</span>
              </div> <!-- configuration-test before -->
              <div class="test-method">
                <span class="method-name">testcancelpay([#document: null])</span>
                <span class="method-start">393780 ms</span>
              </div> <!-- test-method -->
              <div class="configuration-test after">
                <span class="method-name">afterClass</span>
                <span class="method-start">416294 ms</span>
              </div> <!-- configuration-test after -->
          </div> <!-- main-panel-content rounded-window-bottom -->
        </div> <!-- panel -->
      </div> <!-- main-panel-root -->
    </div> <!-- wrapper -->
  </body>
</html>
